2023-03-22 11:54:05,757 - train - INFO - Log directory: ./model_saved/train/train-21
2023-03-22 11:54:05,760 - train - INFO - Args: {
    "cl_decay_steps": 3000,
    "cuda": true,
    "data_augment": true,
    "dcgru_activation": "tanh",
    "do_train": true,
    "dropout": 0.5,
    "eval_every": 1,
    "filter_type": "dual_random_walk",
    "fine_tune": false,
    "graph_type": "individual",
    "input_dim": 100,
    "input_dir": "../tusz_resampled/",
    "l2_wd": 0.0005,
    "load_model_path": null,
    "lr_init": 0.0003,
    "max_diffusion_step": 2,
    "max_grad_norm": 5.0,
    "max_seq_len": 12,
    "maximize_metric": true,
    "metric_avg": "weighted",
    "metric_name": "F1_macro",
    "model_name": "dcrnn",
    "num_classes": 4,
    "num_epochs": 60,
    "num_nodes": 19,
    "num_rnn_layers": 2,
    "num_workers": 8,
    "output_dim": 100,
    "output_seq_len": 12,
    "patience": 5,
    "preproc_dir": null,
    "preprocess": "fft",
    "pretrained_num_rnn_layers": 3,
    "rand_seed": 123,
    "raw_data_dir": "../tusz_raw/",
    "rnn_units": 64,
    "save_dir": "./model_saved/train/train-21",
    "task": "classification",
    "test_batch_size": 128,
    "time_step_size": 1,
    "top_k": 3,
    "train_batch_size": 40,
    "use_curriculum_learning": false
}
2023-03-22 11:54:05,760 - train - INFO - Building dataset...
2023-03-22 11:54:33,180 - train - INFO - Building model...
2023-03-22 11:54:33,183 - train - INFO - Total number of trainable parameters: 280964
2023-03-22 11:54:34,254 - train - INFO - Saver will maximize F1_macro...
2023-03-22 11:54:34,254 - train - INFO - Training...
2023-03-22 11:54:34,255 - train - INFO - Starting epoch 1...
2023-03-22 11:54:59,983 - train - INFO - Evaluating at epoch 1...
2023-03-22 11:55:06,937 - train - INFO - New best checkpoint at epoch 1...
2023-03-22 11:55:06,938 - train - INFO - Dev loss: 0.766, acc: 0.744, F1_weighted: 0.635, F1_macro: 0.213, F1_micro: 0.744, recall: 0.744, precision: 0.554, best_thresh: 0.500
2023-03-22 11:55:06,938 - train - INFO - Visualizing in TensorBoard...
2023-03-22 11:55:06,939 - train - INFO - Starting epoch 2...
2023-03-22 11:55:33,053 - train - INFO - Evaluating at epoch 2...
2023-03-22 11:55:39,953 - train - INFO - New best checkpoint at epoch 2...
2023-03-22 11:55:39,954 - train - INFO - Dev loss: 0.753, acc: 0.744, F1_weighted: 0.635, F1_macro: 0.213, F1_micro: 0.744, recall: 0.744, precision: 0.554, best_thresh: 0.500
2023-03-22 11:55:39,954 - train - INFO - Visualizing in TensorBoard...
2023-03-22 11:55:39,955 - train - INFO - Starting epoch 3...
2023-03-22 11:56:06,066 - train - INFO - Evaluating at epoch 3...
2023-03-22 11:56:12,924 - train - INFO - New best checkpoint at epoch 3...
2023-03-22 11:56:12,924 - train - INFO - Dev loss: 0.740, acc: 0.744, F1_weighted: 0.635, F1_macro: 0.213, F1_micro: 0.744, recall: 0.744, precision: 0.554, best_thresh: 0.500
2023-03-22 11:56:12,924 - train - INFO - Visualizing in TensorBoard...
2023-03-22 11:56:12,925 - train - INFO - Starting epoch 4...
2023-03-22 11:56:39,052 - train - INFO - Evaluating at epoch 4...
2023-03-22 11:56:46,313 - train - INFO - New best checkpoint at epoch 4...
2023-03-22 11:56:46,314 - train - INFO - Dev loss: 0.732, acc: 0.744, F1_weighted: 0.635, F1_macro: 0.213, F1_micro: 0.744, recall: 0.744, precision: 0.554, best_thresh: 0.500
2023-03-22 11:56:46,314 - train - INFO - Visualizing in TensorBoard...
2023-03-22 11:56:46,316 - train - INFO - Starting epoch 5...
2023-03-22 11:57:13,046 - train - INFO - Evaluating at epoch 5...
2023-03-22 11:57:19,898 - train - INFO - New best checkpoint at epoch 5...
2023-03-22 11:57:19,899 - train - INFO - Dev loss: 0.732, acc: 0.744, F1_weighted: 0.635, F1_macro: 0.213, F1_micro: 0.744, recall: 0.744, precision: 0.554, best_thresh: 0.500
2023-03-22 11:57:19,899 - train - INFO - Visualizing in TensorBoard...
2023-03-22 11:57:19,901 - train - INFO - Starting epoch 6...
2023-03-22 11:57:46,272 - train - INFO - Evaluating at epoch 6...
2023-03-22 11:57:53,499 - train - INFO - New best checkpoint at epoch 6...
2023-03-22 11:57:53,499 - train - INFO - Dev loss: 0.724, acc: 0.744, F1_weighted: 0.635, F1_macro: 0.213, F1_micro: 0.744, recall: 0.744, precision: 0.554, best_thresh: 0.500
2023-03-22 11:57:53,500 - train - INFO - Visualizing in TensorBoard...
2023-03-22 11:57:53,501 - train - INFO - Starting epoch 7...
2023-03-22 11:58:19,539 - train - INFO - Evaluating at epoch 7...
2023-03-22 11:58:26,522 - train - INFO - New best checkpoint at epoch 7...
2023-03-22 11:58:26,522 - train - INFO - Dev loss: 0.718, acc: 0.744, F1_weighted: 0.635, F1_macro: 0.213, F1_micro: 0.744, recall: 0.744, precision: 0.554, best_thresh: 0.500
2023-03-22 11:58:26,523 - train - INFO - Visualizing in TensorBoard...
2023-03-22 11:58:26,524 - train - INFO - Starting epoch 8...
2023-03-22 11:58:52,808 - train - INFO - Evaluating at epoch 8...
2023-03-22 11:58:59,649 - train - INFO - New best checkpoint at epoch 8...
2023-03-22 11:58:59,650 - train - INFO - Dev loss: 0.712, acc: 0.744, F1_weighted: 0.635, F1_macro: 0.213, F1_micro: 0.744, recall: 0.744, precision: 0.554, best_thresh: 0.500
2023-03-22 11:58:59,650 - train - INFO - Visualizing in TensorBoard...
2023-03-22 11:58:59,651 - train - INFO - Starting epoch 9...
2023-03-22 11:59:25,702 - train - INFO - Evaluating at epoch 9...
2023-03-22 11:59:33,085 - train - INFO - New best checkpoint at epoch 9...
2023-03-22 11:59:33,086 - train - INFO - Dev loss: 0.707, acc: 0.744, F1_weighted: 0.635, F1_macro: 0.213, F1_micro: 0.744, recall: 0.744, precision: 0.554, best_thresh: 0.500
2023-03-22 11:59:33,086 - train - INFO - Visualizing in TensorBoard...
2023-03-22 11:59:33,087 - train - INFO - Starting epoch 10...
2023-03-22 11:59:59,302 - train - INFO - Evaluating at epoch 10...
2023-03-22 12:00:06,265 - train - INFO - New best checkpoint at epoch 10...
2023-03-22 12:00:06,265 - train - INFO - Dev loss: 0.704, acc: 0.744, F1_weighted: 0.635, F1_macro: 0.213, F1_micro: 0.744, recall: 0.744, precision: 0.554, best_thresh: 0.500
2023-03-22 12:00:06,265 - train - INFO - Visualizing in TensorBoard...
2023-03-22 12:00:06,267 - train - INFO - Starting epoch 11...
2023-03-22 12:00:31,964 - train - INFO - Evaluating at epoch 11...
2023-03-22 12:00:38,889 - train - INFO - New best checkpoint at epoch 11...
2023-03-22 12:00:38,890 - train - INFO - Dev loss: 0.698, acc: 0.744, F1_weighted: 0.635, F1_macro: 0.213, F1_micro: 0.744, recall: 0.744, precision: 0.554, best_thresh: 0.500
2023-03-22 12:00:38,890 - train - INFO - Visualizing in TensorBoard...
2023-03-22 12:00:38,891 - train - INFO - Starting epoch 12...
2023-03-22 12:01:04,987 - train - INFO - Evaluating at epoch 12...
2023-03-22 12:01:12,226 - train - INFO - New best checkpoint at epoch 12...
2023-03-22 12:01:12,227 - train - INFO - Dev loss: 0.692, acc: 0.744, F1_weighted: 0.635, F1_macro: 0.213, F1_micro: 0.744, recall: 0.744, precision: 0.554, best_thresh: 0.500
2023-03-22 12:01:12,227 - train - INFO - Visualizing in TensorBoard...
2023-03-22 12:01:12,228 - train - INFO - Starting epoch 13...
2023-03-22 12:01:38,047 - train - INFO - Evaluating at epoch 13...
2023-03-22 12:01:44,827 - train - INFO - New best checkpoint at epoch 13...
2023-03-22 12:01:44,828 - train - INFO - Dev loss: 0.686, acc: 0.744, F1_weighted: 0.635, F1_macro: 0.213, F1_micro: 0.744, recall: 0.744, precision: 0.554, best_thresh: 0.500
2023-03-22 12:01:44,828 - train - INFO - Visualizing in TensorBoard...
2023-03-22 12:01:44,830 - train - INFO - Starting epoch 14...
2023-03-22 12:02:10,966 - train - INFO - Evaluating at epoch 14...
2023-03-22 12:02:18,426 - train - INFO - New best checkpoint at epoch 14...
2023-03-22 12:02:18,427 - train - INFO - Dev loss: 0.681, acc: 0.744, F1_weighted: 0.635, F1_macro: 0.213, F1_micro: 0.744, recall: 0.744, precision: 0.554, best_thresh: 0.500
2023-03-22 12:02:18,427 - train - INFO - Visualizing in TensorBoard...
2023-03-22 12:02:18,428 - train - INFO - Starting epoch 15...
2023-03-22 12:02:44,855 - train - INFO - Evaluating at epoch 15...
2023-03-22 12:02:51,596 - train - INFO - New best checkpoint at epoch 15...
2023-03-22 12:02:51,596 - train - INFO - Dev loss: 0.676, acc: 0.744, F1_weighted: 0.635, F1_macro: 0.213, F1_micro: 0.744, recall: 0.744, precision: 0.554, best_thresh: 0.500
2023-03-22 12:02:51,597 - train - INFO - Visualizing in TensorBoard...
2023-03-22 12:02:51,597 - train - INFO - Starting epoch 16...
2023-03-22 12:03:17,541 - train - INFO - Evaluating at epoch 16...
2023-03-22 12:03:24,418 - train - INFO - New best checkpoint at epoch 16...
2023-03-22 12:03:24,419 - train - INFO - Dev loss: 0.672, acc: 0.744, F1_weighted: 0.635, F1_macro: 0.213, F1_micro: 0.744, recall: 0.744, precision: 0.554, best_thresh: 0.500
2023-03-22 12:03:24,419 - train - INFO - Visualizing in TensorBoard...
2023-03-22 12:03:24,420 - train - INFO - Starting epoch 17...
2023-03-22 12:03:50,828 - train - INFO - Evaluating at epoch 17...
2023-03-22 12:03:57,855 - train - INFO - New best checkpoint at epoch 17...
2023-03-22 12:03:57,856 - train - INFO - Dev loss: 0.670, acc: 0.753, F1_weighted: 0.652, F1_macro: 0.371, F1_micro: 0.753, recall: 0.753, precision: 0.579, best_thresh: 0.500
2023-03-22 12:03:57,856 - train - INFO - Visualizing in TensorBoard...
2023-03-22 12:03:57,858 - train - INFO - Starting epoch 18...
2023-03-22 12:04:25,099 - train - INFO - Evaluating at epoch 18...
2023-03-22 12:04:31,993 - train - INFO - New best checkpoint at epoch 18...
2023-03-22 12:04:31,994 - train - INFO - Dev loss: 0.667, acc: 0.762, F1_weighted: 0.662, F1_macro: 0.440, F1_micro: 0.762, recall: 0.762, precision: 0.585, best_thresh: 0.500
2023-03-22 12:04:31,994 - train - INFO - Visualizing in TensorBoard...
2023-03-22 12:04:31,996 - train - INFO - Starting epoch 19...
2023-03-22 12:04:58,051 - train - INFO - Evaluating at epoch 19...
2023-03-22 12:05:04,916 - train - INFO - Dev loss: 0.662, acc: 0.762, F1_weighted: 0.662, F1_macro: 0.412, F1_micro: 0.762, recall: 0.762, precision: 0.584, best_thresh: 0.500
2023-03-22 12:05:04,916 - train - INFO - Visualizing in TensorBoard...
2023-03-22 12:05:04,917 - train - INFO - Starting epoch 20...
2023-03-22 12:05:31,539 - train - INFO - Evaluating at epoch 20...
2023-03-22 12:05:38,291 - train - INFO - Dev loss: 0.658, acc: 0.760, F1_weighted: 0.659, F1_macro: 0.406, F1_micro: 0.760, recall: 0.760, precision: 0.583, best_thresh: 0.500
2023-03-22 12:05:38,292 - train - INFO - Visualizing in TensorBoard...
2023-03-22 12:05:38,293 - train - INFO - Starting epoch 21...
2023-03-22 12:06:04,544 - train - INFO - Evaluating at epoch 21...
2023-03-22 12:06:11,313 - train - INFO - Dev loss: 0.653, acc: 0.767, F1_weighted: 0.674, F1_macro: 0.390, F1_micro: 0.767, recall: 0.767, precision: 0.802, best_thresh: 0.500
2023-03-22 12:06:11,313 - train - INFO - Visualizing in TensorBoard...
2023-03-22 12:06:11,315 - train - INFO - Starting epoch 22...
2023-03-22 12:06:37,905 - train - INFO - Evaluating at epoch 22...
2023-03-22 12:06:45,290 - train - INFO - Dev loss: 0.651, acc: 0.760, F1_weighted: 0.659, F1_macro: 0.421, F1_micro: 0.760, recall: 0.760, precision: 0.585, best_thresh: 0.500
2023-03-22 12:06:45,290 - train - INFO - Visualizing in TensorBoard...
2023-03-22 12:06:45,292 - train - INFO - Starting epoch 23...
2023-03-22 12:07:11,606 - train - INFO - Evaluating at epoch 23...
2023-03-22 12:07:18,528 - train - INFO - New best checkpoint at epoch 23...
2023-03-22 12:07:18,528 - train - INFO - Dev loss: 0.649, acc: 0.764, F1_weighted: 0.667, F1_macro: 0.443, F1_micro: 0.764, recall: 0.764, precision: 0.799, best_thresh: 0.500
2023-03-22 12:07:18,528 - train - INFO - Visualizing in TensorBoard...
2023-03-22 12:07:18,530 - train - INFO - Starting epoch 24...
2023-03-22 12:07:44,686 - train - INFO - Evaluating at epoch 24...
2023-03-22 12:07:51,887 - train - INFO - New best checkpoint at epoch 24...
2023-03-22 12:07:51,887 - train - INFO - Dev loss: 0.647, acc: 0.769, F1_weighted: 0.677, F1_macro: 0.457, F1_micro: 0.769, recall: 0.769, precision: 0.800, best_thresh: 0.500
2023-03-22 12:07:51,888 - train - INFO - Visualizing in TensorBoard...
2023-03-22 12:07:51,889 - train - INFO - Starting epoch 25...
2023-03-22 12:08:18,273 - train - INFO - Evaluating at epoch 25...
2023-03-22 12:08:25,257 - train - INFO - Dev loss: 0.646, acc: 0.760, F1_weighted: 0.660, F1_macro: 0.396, F1_micro: 0.760, recall: 0.760, precision: 0.583, best_thresh: 0.500
2023-03-22 12:08:25,257 - train - INFO - Visualizing in TensorBoard...
2023-03-22 12:08:25,258 - train - INFO - Starting epoch 26...
2023-03-22 12:08:53,882 - train - INFO - Evaluating at epoch 26...
2023-03-22 12:09:00,570 - train - INFO - New best checkpoint at epoch 26...
2023-03-22 12:09:00,571 - train - INFO - Dev loss: 0.643, acc: 0.769, F1_weighted: 0.677, F1_macro: 0.457, F1_micro: 0.769, recall: 0.769, precision: 0.800, best_thresh: 0.500
2023-03-22 12:09:00,571 - train - INFO - Visualizing in TensorBoard...
2023-03-22 12:09:00,572 - train - INFO - Starting epoch 27...
2023-03-22 12:09:26,903 - train - INFO - Evaluating at epoch 27...
2023-03-22 12:09:34,227 - train - INFO - Dev loss: 0.641, acc: 0.773, F1_weighted: 0.697, F1_macro: 0.423, F1_micro: 0.773, recall: 0.773, precision: 0.763, best_thresh: 0.500
2023-03-22 12:09:34,227 - train - INFO - Visualizing in TensorBoard...
2023-03-22 12:09:34,229 - train - INFO - Starting epoch 28...
2023-03-22 12:10:00,489 - train - INFO - Evaluating at epoch 28...
2023-03-22 12:10:07,649 - train - INFO - Dev loss: 0.639, acc: 0.764, F1_weighted: 0.667, F1_macro: 0.446, F1_micro: 0.764, recall: 0.764, precision: 0.797, best_thresh: 0.500
2023-03-22 12:10:07,649 - train - INFO - Visualizing in TensorBoard...
2023-03-22 12:10:07,650 - train - INFO - Starting epoch 29...
2023-03-22 12:10:33,550 - train - INFO - Evaluating at epoch 29...
2023-03-22 12:10:40,833 - train - INFO - Dev loss: 0.637, acc: 0.778, F1_weighted: 0.704, F1_macro: 0.428, F1_micro: 0.778, recall: 0.778, precision: 0.770, best_thresh: 0.500
2023-03-22 12:10:40,833 - train - INFO - Visualizing in TensorBoard...
2023-03-22 12:10:40,834 - train - INFO - Starting epoch 30...
2023-03-22 12:11:06,708 - train - INFO - Evaluating at epoch 30...
2023-03-22 12:11:13,620 - train - INFO - Dev loss: 0.636, acc: 0.769, F1_weighted: 0.678, F1_macro: 0.446, F1_micro: 0.769, recall: 0.769, precision: 0.748, best_thresh: 0.500
2023-03-22 12:11:13,620 - train - INFO - Visualizing in TensorBoard...
2023-03-22 12:11:13,622 - train - INFO - Starting epoch 31...
2023-03-22 12:11:39,495 - train - INFO - Evaluating at epoch 31...
2023-03-22 12:11:46,275 - train - INFO - Dev loss: 0.635, acc: 0.758, F1_weighted: 0.662, F1_macro: 0.397, F1_micro: 0.758, recall: 0.758, precision: 0.655, best_thresh: 0.500
2023-03-22 12:11:46,276 - train - INFO - Visualizing in TensorBoard...
2023-03-22 12:11:46,276 - train - INFO - Starting epoch 32...
2023-03-22 12:12:12,637 - train - INFO - Evaluating at epoch 32...
2023-03-22 12:12:19,568 - train - INFO - Dev loss: 0.634, acc: 0.773, F1_weighted: 0.690, F1_macro: 0.421, F1_micro: 0.773, recall: 0.773, precision: 0.803, best_thresh: 0.500
2023-03-22 12:12:19,568 - train - INFO - Visualizing in TensorBoard...
2023-03-22 12:12:19,570 - train - INFO - Starting epoch 33...
2023-03-22 12:12:45,586 - train - INFO - Evaluating at epoch 33...
2023-03-22 12:12:52,614 - train - INFO - Dev loss: 0.631, acc: 0.793, F1_weighted: 0.735, F1_macro: 0.453, F1_micro: 0.793, recall: 0.793, precision: 0.780, best_thresh: 0.500
2023-03-22 12:12:52,615 - train - INFO - Visualizing in TensorBoard...
2023-03-22 12:12:52,615 - train - INFO - Starting epoch 34...
2023-03-22 12:13:19,551 - train - INFO - Evaluating at epoch 34...
2023-03-22 12:13:26,415 - train - INFO - New best checkpoint at epoch 34...
2023-03-22 12:13:26,416 - train - INFO - Dev loss: 0.629, acc: 0.780, F1_weighted: 0.706, F1_macro: 0.475, F1_micro: 0.780, recall: 0.780, precision: 0.746, best_thresh: 0.500
2023-03-22 12:13:26,416 - train - INFO - Visualizing in TensorBoard...
2023-03-22 12:13:26,417 - train - INFO - Starting epoch 35...
2023-03-22 12:13:52,348 - train - INFO - Evaluating at epoch 35...
2023-03-22 12:13:59,171 - train - INFO - New best checkpoint at epoch 35...
2023-03-22 12:13:59,171 - train - INFO - Dev loss: 0.627, acc: 0.787, F1_weighted: 0.718, F1_macro: 0.479, F1_micro: 0.787, recall: 0.787, precision: 0.782, best_thresh: 0.500
2023-03-22 12:13:59,172 - train - INFO - Visualizing in TensorBoard...
2023-03-22 12:13:59,173 - train - INFO - Starting epoch 36...
2023-03-22 12:14:25,030 - train - INFO - Evaluating at epoch 36...
2023-03-22 12:14:31,921 - train - INFO - Dev loss: 0.625, acc: 0.780, F1_weighted: 0.708, F1_macro: 0.449, F1_micro: 0.780, recall: 0.780, precision: 0.723, best_thresh: 0.500
2023-03-22 12:14:31,921 - train - INFO - Visualizing in TensorBoard...
2023-03-22 12:14:31,922 - train - INFO - Starting epoch 37...
2023-03-22 12:14:57,896 - train - INFO - Evaluating at epoch 37...
2023-03-22 12:15:04,683 - train - INFO - Dev loss: 0.624, acc: 0.780, F1_weighted: 0.704, F1_macro: 0.466, F1_micro: 0.780, recall: 0.780, precision: 0.786, best_thresh: 0.500
2023-03-22 12:15:04,684 - train - INFO - Visualizing in TensorBoard...
2023-03-22 12:15:04,684 - train - INFO - Starting epoch 38...
2023-03-22 12:15:30,617 - train - INFO - Evaluating at epoch 38...
2023-03-22 12:15:37,526 - train - INFO - Dev loss: 0.623, acc: 0.769, F1_weighted: 0.678, F1_macro: 0.446, F1_micro: 0.769, recall: 0.769, precision: 0.718, best_thresh: 0.500
2023-03-22 12:15:37,527 - train - INFO - Visualizing in TensorBoard...
2023-03-22 12:15:37,529 - train - INFO - Starting epoch 39...
2023-03-22 12:16:03,479 - train - INFO - Evaluating at epoch 39...
2023-03-22 12:16:10,576 - train - INFO - New best checkpoint at epoch 39...
2023-03-22 12:16:10,577 - train - INFO - Dev loss: 0.621, acc: 0.796, F1_weighted: 0.735, F1_macro: 0.496, F1_micro: 0.796, recall: 0.796, precision: 0.795, best_thresh: 0.500
2023-03-22 12:16:10,577 - train - INFO - Visualizing in TensorBoard...
2023-03-22 12:16:10,578 - train - INFO - Starting epoch 40...
2023-03-22 12:16:36,546 - train - INFO - Evaluating at epoch 40...
2023-03-22 12:16:43,484 - train - INFO - Dev loss: 0.621, acc: 0.787, F1_weighted: 0.720, F1_macro: 0.466, F1_micro: 0.787, recall: 0.787, precision: 0.784, best_thresh: 0.500
2023-03-22 12:16:43,484 - train - INFO - Visualizing in TensorBoard...
2023-03-22 12:16:43,485 - train - INFO - Starting epoch 41...
2023-03-22 12:17:09,719 - train - INFO - Evaluating at epoch 41...
2023-03-22 12:17:16,470 - train - INFO - Dev loss: 0.620, acc: 0.771, F1_weighted: 0.684, F1_macro: 0.426, F1_micro: 0.771, recall: 0.771, precision: 0.715, best_thresh: 0.500
2023-03-22 12:17:16,471 - train - INFO - Visualizing in TensorBoard...
2023-03-22 12:17:16,472 - train - INFO - Starting epoch 42...
2023-03-22 12:17:42,665 - train - INFO - Evaluating at epoch 42...
2023-03-22 12:17:49,654 - train - INFO - Dev loss: 0.619, acc: 0.778, F1_weighted: 0.698, F1_macro: 0.466, F1_micro: 0.778, recall: 0.778, precision: 0.761, best_thresh: 0.500
2023-03-22 12:17:49,655 - train - INFO - Visualizing in TensorBoard...
2023-03-22 12:17:49,656 - train - INFO - Starting epoch 43...
2023-03-22 12:18:15,915 - train - INFO - Evaluating at epoch 43...
2023-03-22 12:18:23,061 - train - INFO - Dev loss: 0.619, acc: 0.767, F1_weighted: 0.676, F1_macro: 0.442, F1_micro: 0.767, recall: 0.767, precision: 0.717, best_thresh: 0.500
2023-03-22 12:18:23,061 - train - INFO - Visualizing in TensorBoard...
2023-03-22 12:18:23,063 - train - INFO - Starting epoch 44...
2023-03-22 12:18:49,573 - train - INFO - Evaluating at epoch 44...
2023-03-22 12:18:56,447 - train - INFO - Dev loss: 0.618, acc: 0.780, F1_weighted: 0.705, F1_macro: 0.475, F1_micro: 0.780, recall: 0.780, precision: 0.770, best_thresh: 0.500
2023-03-22 12:18:56,447 - train - INFO - Visualizing in TensorBoard...
2023-03-22 12:18:56,449 - train - INFO - Starting epoch 45...
2023-03-22 12:19:22,913 - train - INFO - Evaluating at epoch 45...
2023-03-22 12:19:29,859 - train - INFO - Dev loss: 0.616, acc: 0.798, F1_weighted: 0.746, F1_macro: 0.487, F1_micro: 0.798, recall: 0.798, precision: 0.755, best_thresh: 0.500
2023-03-22 12:19:29,859 - train - INFO - Visualizing in TensorBoard...
2023-03-22 12:19:29,861 - train - INFO - Starting epoch 46...
2023-03-22 12:19:56,113 - train - INFO - Evaluating at epoch 46...
2023-03-22 12:20:03,107 - train - INFO - New best checkpoint at epoch 46...
2023-03-22 12:20:03,107 - train - INFO - Dev loss: 0.615, acc: 0.784, F1_weighted: 0.722, F1_macro: 0.522, F1_micro: 0.784, recall: 0.784, precision: 0.756, best_thresh: 0.500
2023-03-22 12:20:03,107 - train - INFO - Visualizing in TensorBoard...
2023-03-22 12:20:03,109 - train - INFO - Starting epoch 47...
2023-03-22 12:20:29,408 - train - INFO - Evaluating at epoch 47...
2023-03-22 12:20:36,214 - train - INFO - Dev loss: 0.614, acc: 0.780, F1_weighted: 0.713, F1_macro: 0.473, F1_micro: 0.780, recall: 0.780, precision: 0.728, best_thresh: 0.500
2023-03-22 12:20:36,214 - train - INFO - Visualizing in TensorBoard...
2023-03-22 12:20:36,215 - train - INFO - Starting epoch 48...
2023-03-22 12:21:02,651 - train - INFO - Evaluating at epoch 48...
2023-03-22 12:21:09,610 - train - INFO - Dev loss: 0.614, acc: 0.782, F1_weighted: 0.715, F1_macro: 0.520, F1_micro: 0.782, recall: 0.782, precision: 0.742, best_thresh: 0.500
2023-03-22 12:21:09,610 - train - INFO - Visualizing in TensorBoard...
2023-03-22 12:21:09,611 - train - INFO - Starting epoch 49...
2023-03-22 12:21:36,061 - train - INFO - Evaluating at epoch 49...
2023-03-22 12:21:43,178 - train - INFO - Dev loss: 0.613, acc: 0.784, F1_weighted: 0.722, F1_macro: 0.481, F1_micro: 0.784, recall: 0.784, precision: 0.735, best_thresh: 0.500
2023-03-22 12:21:43,178 - train - INFO - Visualizing in TensorBoard...
2023-03-22 12:21:43,180 - train - INFO - Starting epoch 50...
2023-03-22 12:22:09,686 - train - INFO - Evaluating at epoch 50...
2023-03-22 12:22:16,982 - train - INFO - Dev loss: 0.612, acc: 0.784, F1_weighted: 0.718, F1_macro: 0.487, F1_micro: 0.784, recall: 0.784, precision: 0.740, best_thresh: 0.500
2023-03-22 12:22:16,983 - train - INFO - Visualizing in TensorBoard...
2023-03-22 12:22:16,985 - train - INFO - Starting epoch 51...
2023-03-22 12:22:43,795 - train - INFO - Evaluating at epoch 51...
2023-03-22 12:22:50,650 - train - INFO - Dev loss: 0.611, acc: 0.784, F1_weighted: 0.726, F1_macro: 0.484, F1_micro: 0.784, recall: 0.784, precision: 0.728, best_thresh: 0.500
2023-03-22 12:22:50,650 - train - INFO - Visualizing in TensorBoard...
2023-03-22 12:22:50,652 - train - INFO - Starting epoch 52...
2023-03-22 12:23:17,970 - train - INFO - Evaluating at epoch 52...
2023-03-22 12:23:24,789 - train - INFO - Dev loss: 0.610, acc: 0.787, F1_weighted: 0.723, F1_macro: 0.514, F1_micro: 0.787, recall: 0.787, precision: 0.764, best_thresh: 0.500
2023-03-22 12:23:24,789 - train - INFO - Visualizing in TensorBoard...
2023-03-22 12:23:24,790 - train - INFO - Starting epoch 53...
2023-03-22 12:23:51,829 - train - INFO - Evaluating at epoch 53...
2023-03-22 12:23:58,792 - train - INFO - Dev loss: 0.610, acc: 0.776, F1_weighted: 0.701, F1_macro: 0.469, F1_micro: 0.776, recall: 0.776, precision: 0.714, best_thresh: 0.500
2023-03-22 12:23:58,792 - train - INFO - Visualizing in TensorBoard...
2023-03-22 12:23:58,793 - train - INFO - Starting epoch 54...
2023-03-22 12:24:25,323 - train - INFO - Evaluating at epoch 54...
2023-03-22 12:24:32,144 - train - INFO - Dev loss: 0.609, acc: 0.782, F1_weighted: 0.728, F1_macro: 0.522, F1_micro: 0.782, recall: 0.782, precision: 0.747, best_thresh: 0.500
2023-03-22 12:24:32,144 - train - INFO - Visualizing in TensorBoard...
2023-03-22 12:24:32,145 - train - INFO - Starting epoch 55...
2023-03-22 12:24:58,279 - train - INFO - Evaluating at epoch 55...
2023-03-22 12:25:05,130 - train - INFO - Dev loss: 0.609, acc: 0.782, F1_weighted: 0.728, F1_macro: 0.522, F1_micro: 0.782, recall: 0.782, precision: 0.747, best_thresh: 0.500
2023-03-22 12:25:05,130 - train - INFO - Visualizing in TensorBoard...
2023-03-22 12:25:05,132 - train - INFO - Starting epoch 56...
2023-03-22 12:25:31,660 - train - INFO - Evaluating at epoch 56...
2023-03-22 12:25:38,573 - train - INFO - New best checkpoint at epoch 56...
2023-03-22 12:25:38,574 - train - INFO - Dev loss: 0.608, acc: 0.784, F1_weighted: 0.722, F1_macro: 0.528, F1_micro: 0.784, recall: 0.784, precision: 0.747, best_thresh: 0.500
2023-03-22 12:25:38,574 - train - INFO - Visualizing in TensorBoard...
2023-03-22 12:25:38,575 - train - INFO - Starting epoch 57...
2023-03-22 12:26:05,073 - train - INFO - Evaluating at epoch 57...
2023-03-22 12:26:12,131 - train - INFO - Dev loss: 0.608, acc: 0.780, F1_weighted: 0.719, F1_macro: 0.512, F1_micro: 0.780, recall: 0.780, precision: 0.741, best_thresh: 0.500
2023-03-22 12:26:12,131 - train - INFO - Visualizing in TensorBoard...
2023-03-22 12:26:12,132 - train - INFO - Starting epoch 58...
2023-03-22 12:26:38,254 - train - INFO - Evaluating at epoch 58...
2023-03-22 12:26:45,504 - train - INFO - Dev loss: 0.607, acc: 0.780, F1_weighted: 0.719, F1_macro: 0.512, F1_micro: 0.780, recall: 0.780, precision: 0.741, best_thresh: 0.500
2023-03-22 12:26:45,504 - train - INFO - Visualizing in TensorBoard...
2023-03-22 12:26:45,506 - train - INFO - Starting epoch 59...
2023-03-22 12:27:11,281 - train - INFO - Evaluating at epoch 59...
2023-03-22 12:27:17,903 - train - INFO - Dev loss: 0.607, acc: 0.778, F1_weighted: 0.718, F1_macro: 0.511, F1_micro: 0.778, recall: 0.778, precision: 0.736, best_thresh: 0.500
2023-03-22 12:27:17,903 - train - INFO - Visualizing in TensorBoard...
2023-03-22 12:27:17,904 - train - INFO - Starting epoch 60...
2023-03-22 12:27:43,821 - train - INFO - Evaluating at epoch 60...
2023-03-22 12:27:50,488 - train - INFO - Dev loss: 0.606, acc: 0.778, F1_weighted: 0.718, F1_macro: 0.511, F1_micro: 0.778, recall: 0.778, precision: 0.736, best_thresh: 0.500
2023-03-22 12:27:50,488 - train - INFO - Visualizing in TensorBoard...
2023-03-22 12:27:50,514 - train - INFO - Training DONE. Evaluating model...
2023-03-22 12:27:56,636 - train - INFO - DEV set prediction results: loss: 0.582, acc: 0.784, F1_weighted: 0.722, F1_macro: 0.528, F1_micro: 0.784, recall: 0.784, precision: 0.747, best_thresh: 0.500
2023-03-22 12:28:04,941 - train - INFO - TEST set prediction results: loss: 0.613, acc: 0.695, F1_weighted: 0.609, F1_macro: 0.479, F1_micro: 0.695, recall: 0.695, precision: 0.712, best_thresh: 0.500
