2023-03-20 18:52:08,808 - train - INFO - Log directory: ./model_saved/train/train-05
2023-03-20 18:52:08,810 - train - INFO - Args: {
    "cl_decay_steps": 3000,
    "cuda": true,
    "data_augment": true,
    "dcgru_activation": "tanh",
    "do_train": true,
    "dropout": 0.5,
    "eval_every": 1,
    "filter_type": "dual_random_walk",
    "fine_tune": false,
    "graph_type": "individual",
    "input_dim": 100,
    "input_dir": "../tusz_resampled/",
    "l2_wd": 0.0005,
    "load_model_path": null,
    "lr_init": 0.0003,
    "max_diffusion_step": 2,
    "max_grad_norm": 5.0,
    "max_seq_len": 12,
    "maximize_metric": true,
    "metric_avg": "weighted",
    "metric_name": "F1_weighted",
    "model_name": "dcrnn",
    "num_classes": 4,
    "num_epochs": 60,
    "num_nodes": 19,
    "num_rnn_layers": 2,
    "num_workers": 8,
    "output_dim": 100,
    "output_seq_len": 12,
    "patience": 5,
    "preproc_dir": null,
    "pretrained_num_rnn_layers": 3,
    "rand_seed": 123,
    "raw_data_dir": "../tusz_raw/",
    "rnn_units": 64,
    "save_dir": "./model_saved/train/train-05",
    "task": "classification",
    "test_batch_size": 128,
    "time_step_size": 1,
    "top_k": 3,
    "train_batch_size": 40,
    "use_curriculum_learning": false,
    "use_fft": true
}
2023-03-20 18:52:08,811 - train - INFO - Building dataset...
2023-03-20 18:52:34,549 - train - INFO - Building model...
2023-03-20 18:52:34,552 - train - INFO - Total number of trainable parameters: 280964
2023-03-20 18:52:35,646 - train - INFO - Saver will maximize F1_weighted...
2023-03-20 18:52:35,647 - train - INFO - Training...
2023-03-20 18:52:35,647 - train - INFO - Starting epoch 1...
2023-03-20 18:53:01,486 - train - INFO - Evaluating at epoch 1...
2023-03-20 18:53:08,333 - train - INFO - New best checkpoint at epoch 1...
2023-03-20 18:53:08,333 - train - INFO - Dev loss: 0.667, acc: 0.744, F1_weighted: 0.635, F1_macro: 0.213, F1_micro: 0.744, recall: 0.744, precision: 0.554, best_thresh: 0.500
2023-03-20 18:53:08,333 - train - INFO - Visualizing in TensorBoard...
2023-03-20 18:53:08,334 - train - INFO - Starting epoch 2...
2023-03-20 18:53:33,535 - train - INFO - Evaluating at epoch 2...
2023-03-20 18:53:40,504 - train - INFO - New best checkpoint at epoch 2...
2023-03-20 18:53:40,504 - train - INFO - Dev loss: 0.640, acc: 0.744, F1_weighted: 0.635, F1_macro: 0.213, F1_micro: 0.744, recall: 0.744, precision: 0.554, best_thresh: 0.500
2023-03-20 18:53:40,505 - train - INFO - Visualizing in TensorBoard...
2023-03-20 18:53:40,506 - train - INFO - Starting epoch 3...
2023-03-20 18:54:05,747 - train - INFO - Evaluating at epoch 3...
2023-03-20 18:54:13,140 - train - INFO - New best checkpoint at epoch 3...
2023-03-20 18:54:13,141 - train - INFO - Dev loss: 0.621, acc: 0.753, F1_weighted: 0.664, F1_macro: 0.239, F1_micro: 0.753, recall: 0.753, precision: 0.650, best_thresh: 0.500
2023-03-20 18:54:13,141 - train - INFO - Visualizing in TensorBoard...
2023-03-20 18:54:13,142 - train - INFO - Starting epoch 4...
2023-03-20 18:54:39,665 - train - INFO - Evaluating at epoch 4...
2023-03-20 18:54:46,683 - train - INFO - New best checkpoint at epoch 4...
2023-03-20 18:54:46,684 - train - INFO - Dev loss: 0.615, acc: 0.760, F1_weighted: 0.679, F1_macro: 0.253, F1_micro: 0.760, recall: 0.760, precision: 0.675, best_thresh: 0.500
2023-03-20 18:54:46,684 - train - INFO - Visualizing in TensorBoard...
2023-03-20 18:54:46,685 - train - INFO - Starting epoch 5...
2023-03-20 18:55:11,726 - train - INFO - Evaluating at epoch 5...
2023-03-20 18:55:18,626 - train - INFO - Dev loss: 0.613, acc: 0.751, F1_weighted: 0.659, F1_macro: 0.232, F1_micro: 0.751, recall: 0.751, precision: 0.662, best_thresh: 0.500
2023-03-20 18:55:18,626 - train - INFO - Visualizing in TensorBoard...
2023-03-20 18:55:18,627 - train - INFO - Starting epoch 6...
2023-03-20 18:55:44,161 - train - INFO - Evaluating at epoch 6...
2023-03-20 18:55:51,026 - train - INFO - New best checkpoint at epoch 6...
2023-03-20 18:55:51,026 - train - INFO - Dev loss: 0.608, acc: 0.762, F1_weighted: 0.698, F1_macro: 0.277, F1_micro: 0.762, recall: 0.762, precision: 0.710, best_thresh: 0.500
2023-03-20 18:55:51,026 - train - INFO - Visualizing in TensorBoard...
2023-03-20 18:55:51,027 - train - INFO - Starting epoch 7...
2023-03-20 18:56:16,252 - train - INFO - Evaluating at epoch 7...
2023-03-20 18:56:23,069 - train - INFO - New best checkpoint at epoch 7...
2023-03-20 18:56:23,069 - train - INFO - Dev loss: 0.600, acc: 0.787, F1_weighted: 0.735, F1_macro: 0.351, F1_micro: 0.787, recall: 0.787, precision: 0.771, best_thresh: 0.500
2023-03-20 18:56:23,069 - train - INFO - Visualizing in TensorBoard...
2023-03-20 18:56:23,071 - train - INFO - Starting epoch 8...
2023-03-20 18:56:48,412 - train - INFO - Evaluating at epoch 8...
2023-03-20 18:56:55,472 - train - INFO - New best checkpoint at epoch 8...
2023-03-20 18:56:55,473 - train - INFO - Dev loss: 0.597, acc: 0.784, F1_weighted: 0.735, F1_macro: 0.371, F1_micro: 0.784, recall: 0.784, precision: 0.774, best_thresh: 0.500
2023-03-20 18:56:55,473 - train - INFO - Visualizing in TensorBoard...
2023-03-20 18:56:55,474 - train - INFO - Starting epoch 9...
2023-03-20 18:57:20,774 - train - INFO - Evaluating at epoch 9...
2023-03-20 18:57:27,679 - train - INFO - Dev loss: 0.599, acc: 0.767, F1_weighted: 0.695, F1_macro: 0.371, F1_micro: 0.767, recall: 0.767, precision: 0.763, best_thresh: 0.500
2023-03-20 18:57:27,679 - train - INFO - Visualizing in TensorBoard...
2023-03-20 18:57:27,681 - train - INFO - Starting epoch 10...
2023-03-20 18:57:52,992 - train - INFO - Evaluating at epoch 10...
2023-03-20 18:58:00,194 - train - INFO - Dev loss: 0.605, acc: 0.747, F1_weighted: 0.647, F1_macro: 0.221, F1_micro: 0.747, recall: 0.747, precision: 0.777, best_thresh: 0.500
2023-03-20 18:58:00,194 - train - INFO - Visualizing in TensorBoard...
2023-03-20 18:58:00,195 - train - INFO - Starting epoch 11...
2023-03-20 18:58:25,213 - train - INFO - Evaluating at epoch 11...
2023-03-20 18:58:32,579 - train - INFO - Dev loss: 0.603, acc: 0.780, F1_weighted: 0.724, F1_macro: 0.403, F1_micro: 0.780, recall: 0.780, precision: 0.750, best_thresh: 0.500
2023-03-20 18:58:32,579 - train - INFO - Visualizing in TensorBoard...
2023-03-20 18:58:32,581 - train - INFO - Starting epoch 12...
2023-03-20 18:58:58,264 - train - INFO - Evaluating at epoch 12...
2023-03-20 18:59:05,024 - train - INFO - Dev loss: 0.604, acc: 0.762, F1_weighted: 0.702, F1_macro: 0.411, F1_micro: 0.762, recall: 0.762, precision: 0.715, best_thresh: 0.500
2023-03-20 18:59:05,024 - train - INFO - Visualizing in TensorBoard...
2023-03-20 18:59:05,026 - train - INFO - Starting epoch 13...
2023-03-20 18:59:30,482 - train - INFO - Evaluating at epoch 13...
2023-03-20 18:59:37,551 - train - INFO - Dev loss: 0.605, acc: 0.773, F1_weighted: 0.722, F1_macro: 0.411, F1_micro: 0.773, recall: 0.773, precision: 0.739, best_thresh: 0.500
2023-03-20 18:59:37,551 - train - INFO - Visualizing in TensorBoard...
2023-03-20 18:59:37,552 - train - INFO - Starting epoch 14...
2023-03-20 19:00:02,853 - train - INFO - Evaluating at epoch 14...
2023-03-20 19:00:09,809 - train - INFO - New best checkpoint at epoch 14...
2023-03-20 19:00:09,809 - train - INFO - Dev loss: 0.604, acc: 0.782, F1_weighted: 0.742, F1_macro: 0.481, F1_micro: 0.782, recall: 0.782, precision: 0.742, best_thresh: 0.500
2023-03-20 19:00:09,809 - train - INFO - Visualizing in TensorBoard...
2023-03-20 19:00:09,810 - train - INFO - Starting epoch 15...
2023-03-20 19:00:35,290 - train - INFO - Evaluating at epoch 15...
2023-03-20 19:00:42,553 - train - INFO - Dev loss: 0.605, acc: 0.778, F1_weighted: 0.722, F1_macro: 0.403, F1_micro: 0.778, recall: 0.778, precision: 0.763, best_thresh: 0.500
2023-03-20 19:00:42,553 - train - INFO - Visualizing in TensorBoard...
2023-03-20 19:00:42,554 - train - INFO - Starting epoch 16...
2023-03-20 19:01:08,103 - train - INFO - Evaluating at epoch 16...
2023-03-20 19:01:14,789 - train - INFO - New best checkpoint at epoch 16...
2023-03-20 19:01:14,790 - train - INFO - Dev loss: 0.605, acc: 0.787, F1_weighted: 0.745, F1_macro: 0.496, F1_micro: 0.787, recall: 0.787, precision: 0.747, best_thresh: 0.500
2023-03-20 19:01:14,790 - train - INFO - Visualizing in TensorBoard...
2023-03-20 19:01:14,791 - train - INFO - Starting epoch 17...
2023-03-20 19:01:40,086 - train - INFO - Evaluating at epoch 17...
2023-03-20 19:01:47,134 - train - INFO - Dev loss: 0.607, acc: 0.769, F1_weighted: 0.718, F1_macro: 0.432, F1_micro: 0.769, recall: 0.769, precision: 0.732, best_thresh: 0.500
2023-03-20 19:01:47,134 - train - INFO - Visualizing in TensorBoard...
2023-03-20 19:01:47,135 - train - INFO - Starting epoch 18...
2023-03-20 19:02:12,147 - train - INFO - Evaluating at epoch 18...
2023-03-20 19:02:19,104 - train - INFO - Dev loss: 0.610, acc: 0.773, F1_weighted: 0.716, F1_macro: 0.497, F1_micro: 0.773, recall: 0.773, precision: 0.721, best_thresh: 0.500
2023-03-20 19:02:19,104 - train - INFO - Visualizing in TensorBoard...
2023-03-20 19:02:19,105 - train - INFO - Starting epoch 19...
2023-03-20 19:02:44,515 - train - INFO - Evaluating at epoch 19...
2023-03-20 19:02:51,578 - train - INFO - New best checkpoint at epoch 19...
2023-03-20 19:02:51,578 - train - INFO - Dev loss: 0.608, acc: 0.764, F1_weighted: 0.755, F1_macro: 0.539, F1_micro: 0.764, recall: 0.764, precision: 0.750, best_thresh: 0.500
2023-03-20 19:02:51,578 - train - INFO - Visualizing in TensorBoard...
2023-03-20 19:02:51,581 - train - INFO - Starting epoch 20...
2023-03-20 19:03:17,963 - train - INFO - Evaluating at epoch 20...
2023-03-20 19:03:24,697 - train - INFO - Dev loss: 0.610, acc: 0.764, F1_weighted: 0.714, F1_macro: 0.503, F1_micro: 0.764, recall: 0.764, precision: 0.706, best_thresh: 0.500
2023-03-20 19:03:24,697 - train - INFO - Visualizing in TensorBoard...
2023-03-20 19:03:24,698 - train - INFO - Starting epoch 21...
2023-03-20 19:03:50,969 - train - INFO - Evaluating at epoch 21...
2023-03-20 19:03:58,079 - train - INFO - Dev loss: 0.614, acc: 0.740, F1_weighted: 0.714, F1_macro: 0.514, F1_micro: 0.740, recall: 0.740, precision: 0.699, best_thresh: 0.500
2023-03-20 19:03:58,079 - train - INFO - Visualizing in TensorBoard...
2023-03-20 19:03:58,080 - train - INFO - Starting epoch 22...
2023-03-20 19:04:24,456 - train - INFO - Evaluating at epoch 22...
2023-03-20 19:04:31,450 - train - INFO - Dev loss: 0.615, acc: 0.773, F1_weighted: 0.732, F1_macro: 0.516, F1_micro: 0.773, recall: 0.773, precision: 0.723, best_thresh: 0.500
2023-03-20 19:04:31,451 - train - INFO - Visualizing in TensorBoard...
2023-03-20 19:04:31,452 - train - INFO - Starting epoch 23...
2023-03-20 19:04:56,750 - train - INFO - Evaluating at epoch 23...
2023-03-20 19:05:03,494 - train - INFO - Dev loss: 0.619, acc: 0.722, F1_weighted: 0.689, F1_macro: 0.492, F1_micro: 0.722, recall: 0.722, precision: 0.668, best_thresh: 0.500
2023-03-20 19:05:03,495 - train - INFO - Visualizing in TensorBoard...
2023-03-20 19:05:03,496 - train - INFO - Starting epoch 24...
2023-03-20 19:05:29,857 - train - INFO - Evaluating at epoch 24...
2023-03-20 19:05:36,600 - train - INFO - Dev loss: 0.625, acc: 0.718, F1_weighted: 0.677, F1_macro: 0.481, F1_micro: 0.718, recall: 0.718, precision: 0.653, best_thresh: 0.500
2023-03-20 19:05:36,601 - train - INFO - Visualizing in TensorBoard...
2023-03-20 19:05:36,621 - train - INFO - Training DONE. Evaluating model...
2023-03-20 19:05:43,244 - train - INFO - DEV set prediction results: loss: 0.586, acc: 0.764, F1_weighted: 0.755, F1_macro: 0.539, F1_micro: 0.764, recall: 0.764, precision: 0.750, best_thresh: 0.500
2023-03-20 19:05:51,855 - train - INFO - TEST set prediction results: loss: 0.547, acc: 0.795, F1_weighted: 0.795, F1_macro: 0.756, F1_micro: 0.795, recall: 0.795, precision: 0.799, best_thresh: 0.500
