2023-03-20 19:22:52,036 - train - INFO - Log directory: ./model_saved/train/train-07
2023-03-20 19:22:52,039 - train - INFO - Args: {
    "cl_decay_steps": 3000,
    "cuda": true,
    "data_augment": true,
    "dcgru_activation": "tanh",
    "do_train": true,
    "dropout": 0.5,
    "eval_every": 1,
    "filter_type": "dual_random_walk",
    "fine_tune": false,
    "graph_type": "individual",
    "input_dim": 100,
    "input_dir": "../tusz_resampled/",
    "l2_wd": 0.0005,
    "load_model_path": null,
    "lr_init": 0.0003,
    "max_diffusion_step": 2,
    "max_grad_norm": 5.0,
    "max_seq_len": 12,
    "maximize_metric": true,
    "metric_avg": "weighted",
    "metric_name": "F1_micro",
    "model_name": "dcrnn",
    "num_classes": 4,
    "num_epochs": 60,
    "num_nodes": 19,
    "num_rnn_layers": 2,
    "num_workers": 8,
    "output_dim": 100,
    "output_seq_len": 12,
    "patience": 5,
    "preproc_dir": null,
    "pretrained_num_rnn_layers": 3,
    "rand_seed": 123,
    "raw_data_dir": "../tusz_raw/",
    "rnn_units": 64,
    "save_dir": "./model_saved/train/train-07",
    "task": "classification",
    "test_batch_size": 128,
    "time_step_size": 1,
    "top_k": 3,
    "train_batch_size": 40,
    "use_curriculum_learning": false,
    "use_fft": true
}
2023-03-20 19:22:52,039 - train - INFO - Building dataset...
2023-03-20 19:23:18,462 - train - INFO - Building model...
2023-03-20 19:23:18,465 - train - INFO - Total number of trainable parameters: 280964
2023-03-20 19:23:19,582 - train - INFO - Saver will maximize F1_micro...
2023-03-20 19:23:19,583 - train - INFO - Training...
2023-03-20 19:23:19,584 - train - INFO - Starting epoch 1...
2023-03-20 19:23:45,952 - train - INFO - Evaluating at epoch 1...
2023-03-20 19:23:52,947 - train - INFO - New best checkpoint at epoch 1...
2023-03-20 19:23:52,947 - train - INFO - Dev loss: 0.667, acc: 0.744, F1_weighted: 0.635, F1_macro: 0.213, F1_micro: 0.744, recall: 0.744, precision: 0.554, best_thresh: 0.500
2023-03-20 19:23:52,948 - train - INFO - Visualizing in TensorBoard...
2023-03-20 19:23:52,949 - train - INFO - Starting epoch 2...
2023-03-20 19:24:19,519 - train - INFO - Evaluating at epoch 2...
2023-03-20 19:24:26,735 - train - INFO - New best checkpoint at epoch 2...
2023-03-20 19:24:26,736 - train - INFO - Dev loss: 0.640, acc: 0.744, F1_weighted: 0.635, F1_macro: 0.213, F1_micro: 0.744, recall: 0.744, precision: 0.554, best_thresh: 0.500
2023-03-20 19:24:26,736 - train - INFO - Visualizing in TensorBoard...
2023-03-20 19:24:26,737 - train - INFO - Starting epoch 3...
2023-03-20 19:24:52,049 - train - INFO - Evaluating at epoch 3...
2023-03-20 19:24:58,902 - train - INFO - New best checkpoint at epoch 3...
2023-03-20 19:24:58,902 - train - INFO - Dev loss: 0.621, acc: 0.753, F1_weighted: 0.664, F1_macro: 0.239, F1_micro: 0.753, recall: 0.753, precision: 0.650, best_thresh: 0.500
2023-03-20 19:24:58,903 - train - INFO - Visualizing in TensorBoard...
2023-03-20 19:24:58,904 - train - INFO - Starting epoch 4...
2023-03-20 19:25:23,908 - train - INFO - Evaluating at epoch 4...
2023-03-20 19:25:30,775 - train - INFO - New best checkpoint at epoch 4...
2023-03-20 19:25:30,776 - train - INFO - Dev loss: 0.615, acc: 0.760, F1_weighted: 0.679, F1_macro: 0.253, F1_micro: 0.760, recall: 0.760, precision: 0.675, best_thresh: 0.500
2023-03-20 19:25:30,776 - train - INFO - Visualizing in TensorBoard...
2023-03-20 19:25:30,777 - train - INFO - Starting epoch 5...
2023-03-20 19:25:56,336 - train - INFO - Evaluating at epoch 5...
2023-03-20 19:26:03,100 - train - INFO - Dev loss: 0.613, acc: 0.751, F1_weighted: 0.659, F1_macro: 0.232, F1_micro: 0.751, recall: 0.751, precision: 0.662, best_thresh: 0.500
2023-03-20 19:26:03,101 - train - INFO - Visualizing in TensorBoard...
2023-03-20 19:26:03,101 - train - INFO - Starting epoch 6...
2023-03-20 19:26:29,364 - train - INFO - Evaluating at epoch 6...
2023-03-20 19:26:36,274 - train - INFO - New best checkpoint at epoch 6...
2023-03-20 19:26:36,275 - train - INFO - Dev loss: 0.608, acc: 0.762, F1_weighted: 0.698, F1_macro: 0.277, F1_micro: 0.762, recall: 0.762, precision: 0.710, best_thresh: 0.500
2023-03-20 19:26:36,275 - train - INFO - Visualizing in TensorBoard...
2023-03-20 19:26:36,276 - train - INFO - Starting epoch 7...
2023-03-20 19:27:01,737 - train - INFO - Evaluating at epoch 7...
2023-03-20 19:27:08,539 - train - INFO - New best checkpoint at epoch 7...
2023-03-20 19:27:08,539 - train - INFO - Dev loss: 0.600, acc: 0.787, F1_weighted: 0.735, F1_macro: 0.351, F1_micro: 0.787, recall: 0.787, precision: 0.771, best_thresh: 0.500
2023-03-20 19:27:08,540 - train - INFO - Visualizing in TensorBoard...
2023-03-20 19:27:08,542 - train - INFO - Starting epoch 8...
2023-03-20 19:27:34,116 - train - INFO - Evaluating at epoch 8...
2023-03-20 19:27:41,022 - train - INFO - Dev loss: 0.597, acc: 0.784, F1_weighted: 0.735, F1_macro: 0.371, F1_micro: 0.784, recall: 0.784, precision: 0.774, best_thresh: 0.500
2023-03-20 19:27:41,022 - train - INFO - Visualizing in TensorBoard...
2023-03-20 19:27:41,023 - train - INFO - Starting epoch 9...
2023-03-20 19:28:06,430 - train - INFO - Evaluating at epoch 9...
2023-03-20 19:28:13,230 - train - INFO - Dev loss: 0.599, acc: 0.767, F1_weighted: 0.695, F1_macro: 0.371, F1_micro: 0.767, recall: 0.767, precision: 0.763, best_thresh: 0.500
2023-03-20 19:28:13,230 - train - INFO - Visualizing in TensorBoard...
2023-03-20 19:28:13,231 - train - INFO - Starting epoch 10...
2023-03-20 19:28:39,268 - train - INFO - Evaluating at epoch 10...
2023-03-20 19:28:46,158 - train - INFO - Dev loss: 0.605, acc: 0.747, F1_weighted: 0.647, F1_macro: 0.221, F1_micro: 0.747, recall: 0.747, precision: 0.777, best_thresh: 0.500
2023-03-20 19:28:46,159 - train - INFO - Visualizing in TensorBoard...
2023-03-20 19:28:46,161 - train - INFO - Starting epoch 11...
2023-03-20 19:29:11,709 - train - INFO - Evaluating at epoch 11...
2023-03-20 19:29:18,754 - train - INFO - Dev loss: 0.603, acc: 0.780, F1_weighted: 0.724, F1_macro: 0.403, F1_micro: 0.780, recall: 0.780, precision: 0.750, best_thresh: 0.500
2023-03-20 19:29:18,755 - train - INFO - Visualizing in TensorBoard...
2023-03-20 19:29:18,756 - train - INFO - Starting epoch 12...
2023-03-20 19:29:45,222 - train - INFO - Evaluating at epoch 12...
2023-03-20 19:29:52,086 - train - INFO - Dev loss: 0.604, acc: 0.762, F1_weighted: 0.702, F1_macro: 0.411, F1_micro: 0.762, recall: 0.762, precision: 0.715, best_thresh: 0.500
2023-03-20 19:29:52,086 - train - INFO - Visualizing in TensorBoard...
2023-03-20 19:29:52,088 - train - INFO - Starting epoch 13...
2023-03-20 19:30:17,964 - train - INFO - Evaluating at epoch 13...
2023-03-20 19:30:24,984 - train - INFO - Dev loss: 0.605, acc: 0.773, F1_weighted: 0.722, F1_macro: 0.411, F1_micro: 0.773, recall: 0.773, precision: 0.739, best_thresh: 0.500
2023-03-20 19:30:24,984 - train - INFO - Visualizing in TensorBoard...
2023-03-20 19:30:24,985 - train - INFO - Starting epoch 14...
2023-03-20 19:30:51,028 - train - INFO - Evaluating at epoch 14...
2023-03-20 19:30:58,180 - train - INFO - Dev loss: 0.604, acc: 0.782, F1_weighted: 0.742, F1_macro: 0.481, F1_micro: 0.782, recall: 0.782, precision: 0.742, best_thresh: 0.500
2023-03-20 19:30:58,180 - train - INFO - Visualizing in TensorBoard...
2023-03-20 19:30:58,181 - train - INFO - Starting epoch 15...
2023-03-20 19:31:24,160 - train - INFO - Evaluating at epoch 15...
2023-03-20 19:31:31,159 - train - INFO - Dev loss: 0.605, acc: 0.778, F1_weighted: 0.722, F1_macro: 0.403, F1_micro: 0.778, recall: 0.778, precision: 0.763, best_thresh: 0.500
2023-03-20 19:31:31,159 - train - INFO - Visualizing in TensorBoard...
2023-03-20 19:31:31,161 - train - INFO - Starting epoch 16...
2023-03-20 19:31:56,716 - train - INFO - Evaluating at epoch 16...
2023-03-20 19:32:03,575 - train - INFO - New best checkpoint at epoch 16...
2023-03-20 19:32:03,576 - train - INFO - Dev loss: 0.605, acc: 0.787, F1_weighted: 0.745, F1_macro: 0.496, F1_micro: 0.787, recall: 0.787, precision: 0.747, best_thresh: 0.500
2023-03-20 19:32:03,576 - train - INFO - Visualizing in TensorBoard...
2023-03-20 19:32:03,578 - train - INFO - Starting epoch 17...
2023-03-20 19:32:28,973 - train - INFO - Evaluating at epoch 17...
2023-03-20 19:32:36,168 - train - INFO - Dev loss: 0.607, acc: 0.769, F1_weighted: 0.718, F1_macro: 0.432, F1_micro: 0.769, recall: 0.769, precision: 0.732, best_thresh: 0.500
2023-03-20 19:32:36,169 - train - INFO - Visualizing in TensorBoard...
2023-03-20 19:32:36,170 - train - INFO - Starting epoch 18...
2023-03-20 19:33:01,940 - train - INFO - Evaluating at epoch 18...
2023-03-20 19:33:08,743 - train - INFO - Dev loss: 0.610, acc: 0.773, F1_weighted: 0.716, F1_macro: 0.497, F1_micro: 0.773, recall: 0.773, precision: 0.721, best_thresh: 0.500
2023-03-20 19:33:08,744 - train - INFO - Visualizing in TensorBoard...
2023-03-20 19:33:08,745 - train - INFO - Starting epoch 19...
2023-03-20 19:33:34,281 - train - INFO - Evaluating at epoch 19...
2023-03-20 19:33:41,540 - train - INFO - Dev loss: 0.608, acc: 0.764, F1_weighted: 0.755, F1_macro: 0.539, F1_micro: 0.764, recall: 0.764, precision: 0.750, best_thresh: 0.500
2023-03-20 19:33:41,541 - train - INFO - Visualizing in TensorBoard...
2023-03-20 19:33:41,542 - train - INFO - Starting epoch 20...
2023-03-20 19:34:07,416 - train - INFO - Evaluating at epoch 20...
2023-03-20 19:34:14,295 - train - INFO - Dev loss: 0.610, acc: 0.764, F1_weighted: 0.714, F1_macro: 0.503, F1_micro: 0.764, recall: 0.764, precision: 0.706, best_thresh: 0.500
2023-03-20 19:34:14,295 - train - INFO - Visualizing in TensorBoard...
2023-03-20 19:34:14,296 - train - INFO - Starting epoch 21...
2023-03-20 19:34:39,786 - train - INFO - Evaluating at epoch 21...
2023-03-20 19:34:46,568 - train - INFO - Dev loss: 0.614, acc: 0.740, F1_weighted: 0.714, F1_macro: 0.514, F1_micro: 0.740, recall: 0.740, precision: 0.699, best_thresh: 0.500
2023-03-20 19:34:46,569 - train - INFO - Visualizing in TensorBoard...
2023-03-20 19:34:46,570 - train - INFO - Starting epoch 22...
2023-03-20 19:35:12,308 - train - INFO - Evaluating at epoch 22...
2023-03-20 19:35:19,097 - train - INFO - Dev loss: 0.615, acc: 0.773, F1_weighted: 0.732, F1_macro: 0.516, F1_micro: 0.773, recall: 0.773, precision: 0.723, best_thresh: 0.500
2023-03-20 19:35:19,097 - train - INFO - Visualizing in TensorBoard...
2023-03-20 19:35:19,098 - train - INFO - Starting epoch 23...
2023-03-20 19:35:44,601 - train - INFO - Evaluating at epoch 23...
2023-03-20 19:35:51,512 - train - INFO - Dev loss: 0.619, acc: 0.722, F1_weighted: 0.689, F1_macro: 0.492, F1_micro: 0.722, recall: 0.722, precision: 0.668, best_thresh: 0.500
2023-03-20 19:35:51,513 - train - INFO - Visualizing in TensorBoard...
2023-03-20 19:35:51,514 - train - INFO - Starting epoch 24...
2023-03-20 19:36:17,288 - train - INFO - Evaluating at epoch 24...
2023-03-20 19:36:24,673 - train - INFO - Dev loss: 0.625, acc: 0.718, F1_weighted: 0.677, F1_macro: 0.481, F1_micro: 0.718, recall: 0.718, precision: 0.653, best_thresh: 0.500
2023-03-20 19:36:24,673 - train - INFO - Visualizing in TensorBoard...
2023-03-20 19:36:24,696 - train - INFO - Training DONE. Evaluating model...
2023-03-20 19:36:31,267 - train - INFO - DEV set prediction results: loss: 0.599, acc: 0.787, F1_weighted: 0.745, F1_macro: 0.496, F1_micro: 0.787, recall: 0.787, precision: 0.747, best_thresh: 0.500
2023-03-20 19:36:39,908 - train - INFO - TEST set prediction results: loss: 0.535, acc: 0.739, F1_weighted: 0.716, F1_macro: 0.630, F1_micro: 0.739, recall: 0.739, precision: 0.737, best_thresh: 0.500
