2023-03-22 12:50:13,289 - train - INFO - Log directory: ./model_saved/train/train-23
2023-03-22 12:50:13,291 - train - INFO - Args: {
    "cl_decay_steps": 3000,
    "cuda": true,
    "data_augment": true,
    "dcgru_activation": "tanh",
    "do_train": true,
    "dropout": 0.5,
    "eval_every": 1,
    "filter_type": "dual_random_walk",
    "fine_tune": false,
    "graph_type": "individual",
    "input_dim": 100,
    "input_dir": "../tusz_resampled/",
    "l2_wd": 0.0005,
    "load_model_path": null,
    "lr_init": 0.0003,
    "max_diffusion_step": 2,
    "max_grad_norm": 5.0,
    "max_seq_len": 12,
    "maximize_metric": true,
    "metric_avg": "weighted",
    "metric_name": "F1_macro",
    "model_name": "dcrnn",
    "num_classes": 4,
    "num_epochs": 60,
    "num_nodes": 19,
    "num_rnn_layers": 2,
    "num_workers": 8,
    "output_dim": 100,
    "output_seq_len": 12,
    "patience": 5,
    "preproc_dir": null,
    "preprocess": "alpha_fft",
    "pretrained_num_rnn_layers": 3,
    "rand_seed": 123,
    "raw_data_dir": "../tusz_raw/",
    "rnn_units": 64,
    "save_dir": "./model_saved/train/train-23",
    "task": "classification",
    "test_batch_size": 128,
    "time_step_size": 1,
    "top_k": 3,
    "train_batch_size": 40,
    "use_curriculum_learning": false
}
2023-03-22 12:50:13,292 - train - INFO - Building dataset...
2023-03-22 12:50:40,332 - train - INFO - Building model...
2023-03-22 12:50:40,335 - train - INFO - Total number of trainable parameters: 280964
2023-03-22 12:50:41,538 - train - INFO - Saver will maximize F1_macro...
2023-03-22 12:50:41,539 - train - INFO - Training...
2023-03-22 12:50:41,539 - train - INFO - Starting epoch 1...
2023-03-22 12:51:08,345 - train - INFO - Evaluating at epoch 1...
2023-03-22 12:51:15,700 - train - INFO - New best checkpoint at epoch 1...
2023-03-22 12:51:15,700 - train - INFO - Dev loss: 0.725, acc: 0.744, F1_weighted: 0.635, F1_macro: 0.213, F1_micro: 0.744, recall: 0.744, precision: 0.554, best_thresh: 0.500
2023-03-22 12:51:15,701 - train - INFO - Visualizing in TensorBoard...
2023-03-22 12:51:15,701 - train - INFO - Starting epoch 2...
2023-03-22 12:51:43,889 - train - INFO - Evaluating at epoch 2...
2023-03-22 12:51:51,276 - train - INFO - New best checkpoint at epoch 2...
2023-03-22 12:51:51,277 - train - INFO - Dev loss: 0.703, acc: 0.744, F1_weighted: 0.635, F1_macro: 0.213, F1_micro: 0.744, recall: 0.744, precision: 0.554, best_thresh: 0.500
2023-03-22 12:51:51,277 - train - INFO - Visualizing in TensorBoard...
2023-03-22 12:51:51,278 - train - INFO - Starting epoch 3...
2023-03-22 12:52:18,479 - train - INFO - Evaluating at epoch 3...
2023-03-22 12:52:25,920 - train - INFO - New best checkpoint at epoch 3...
2023-03-22 12:52:25,921 - train - INFO - Dev loss: 0.685, acc: 0.744, F1_weighted: 0.635, F1_macro: 0.213, F1_micro: 0.744, recall: 0.744, precision: 0.554, best_thresh: 0.500
2023-03-22 12:52:25,921 - train - INFO - Visualizing in TensorBoard...
2023-03-22 12:52:25,922 - train - INFO - Starting epoch 4...
2023-03-22 12:52:52,684 - train - INFO - Evaluating at epoch 4...
2023-03-22 12:53:00,242 - train - INFO - New best checkpoint at epoch 4...
2023-03-22 12:53:00,243 - train - INFO - Dev loss: 0.677, acc: 0.744, F1_weighted: 0.635, F1_macro: 0.213, F1_micro: 0.744, recall: 0.744, precision: 0.554, best_thresh: 0.500
2023-03-22 12:53:00,243 - train - INFO - Visualizing in TensorBoard...
2023-03-22 12:53:00,244 - train - INFO - Starting epoch 5...
2023-03-22 12:53:27,429 - train - INFO - Evaluating at epoch 5...
2023-03-22 12:53:35,255 - train - INFO - New best checkpoint at epoch 5...
2023-03-22 12:53:35,256 - train - INFO - Dev loss: 0.672, acc: 0.744, F1_weighted: 0.635, F1_macro: 0.213, F1_micro: 0.744, recall: 0.744, precision: 0.554, best_thresh: 0.500
2023-03-22 12:53:35,256 - train - INFO - Visualizing in TensorBoard...
2023-03-22 12:53:35,258 - train - INFO - Starting epoch 6...
2023-03-22 12:54:01,808 - train - INFO - Evaluating at epoch 6...
2023-03-22 12:54:09,065 - train - INFO - New best checkpoint at epoch 6...
2023-03-22 12:54:09,066 - train - INFO - Dev loss: 0.659, acc: 0.747, F1_weighted: 0.649, F1_macro: 0.229, F1_micro: 0.747, recall: 0.747, precision: 0.664, best_thresh: 0.500
2023-03-22 12:54:09,066 - train - INFO - Visualizing in TensorBoard...
2023-03-22 12:54:09,067 - train - INFO - Starting epoch 7...
2023-03-22 12:54:36,326 - train - INFO - Evaluating at epoch 7...
2023-03-22 12:54:43,828 - train - INFO - New best checkpoint at epoch 7...
2023-03-22 12:54:43,828 - train - INFO - Dev loss: 0.649, acc: 0.749, F1_weighted: 0.654, F1_macro: 0.234, F1_micro: 0.749, recall: 0.749, precision: 0.680, best_thresh: 0.500
2023-03-22 12:54:43,829 - train - INFO - Visualizing in TensorBoard...
2023-03-22 12:54:43,830 - train - INFO - Starting epoch 8...
2023-03-22 12:55:11,007 - train - INFO - Evaluating at epoch 8...
2023-03-22 12:55:18,382 - train - INFO - Dev loss: 0.642, acc: 0.749, F1_weighted: 0.650, F1_macro: 0.229, F1_micro: 0.749, recall: 0.749, precision: 0.685, best_thresh: 0.500
2023-03-22 12:55:18,383 - train - INFO - Visualizing in TensorBoard...
2023-03-22 12:55:18,385 - train - INFO - Starting epoch 9...
2023-03-22 12:55:45,054 - train - INFO - Evaluating at epoch 9...
2023-03-22 12:55:53,022 - train - INFO - New best checkpoint at epoch 9...
2023-03-22 12:55:53,022 - train - INFO - Dev loss: 0.631, acc: 0.773, F1_weighted: 0.716, F1_macro: 0.301, F1_micro: 0.773, recall: 0.773, precision: 0.727, best_thresh: 0.500
2023-03-22 12:55:53,022 - train - INFO - Visualizing in TensorBoard...
2023-03-22 12:55:53,023 - train - INFO - Starting epoch 10...
2023-03-22 12:56:20,075 - train - INFO - Evaluating at epoch 10...
2023-03-22 12:56:27,754 - train - INFO - Dev loss: 0.626, acc: 0.753, F1_weighted: 0.663, F1_macro: 0.243, F1_micro: 0.753, recall: 0.753, precision: 0.703, best_thresh: 0.500
2023-03-22 12:56:27,755 - train - INFO - Visualizing in TensorBoard...
2023-03-22 12:56:27,756 - train - INFO - Starting epoch 11...
2023-03-22 12:56:53,860 - train - INFO - Evaluating at epoch 11...
2023-03-22 12:57:01,157 - train - INFO - Dev loss: 0.622, acc: 0.751, F1_weighted: 0.659, F1_macro: 0.239, F1_micro: 0.751, recall: 0.751, precision: 0.693, best_thresh: 0.500
2023-03-22 12:57:01,158 - train - INFO - Visualizing in TensorBoard...
2023-03-22 12:57:01,159 - train - INFO - Starting epoch 12...
2023-03-22 12:57:28,356 - train - INFO - Evaluating at epoch 12...
2023-03-22 12:57:35,717 - train - INFO - New best checkpoint at epoch 12...
2023-03-22 12:57:35,717 - train - INFO - Dev loss: 0.616, acc: 0.764, F1_weighted: 0.692, F1_macro: 0.315, F1_micro: 0.764, recall: 0.764, precision: 0.742, best_thresh: 0.500
2023-03-22 12:57:35,717 - train - INFO - Visualizing in TensorBoard...
2023-03-22 12:57:35,719 - train - INFO - Starting epoch 13...
2023-03-22 12:58:02,618 - train - INFO - Evaluating at epoch 13...
2023-03-22 12:58:09,942 - train - INFO - New best checkpoint at epoch 13...
2023-03-22 12:58:09,943 - train - INFO - Dev loss: 0.613, acc: 0.756, F1_weighted: 0.663, F1_macro: 0.392, F1_micro: 0.756, recall: 0.756, precision: 0.670, best_thresh: 0.500
2023-03-22 12:58:09,943 - train - INFO - Visualizing in TensorBoard...
2023-03-22 12:58:09,945 - train - INFO - Starting epoch 14...
2023-03-22 12:58:36,574 - train - INFO - Evaluating at epoch 14...
2023-03-22 12:58:43,949 - train - INFO - New best checkpoint at epoch 14...
2023-03-22 12:58:43,949 - train - INFO - Dev loss: 0.609, acc: 0.760, F1_weighted: 0.674, F1_macro: 0.402, F1_micro: 0.760, recall: 0.760, precision: 0.696, best_thresh: 0.500
2023-03-22 12:58:43,949 - train - INFO - Visualizing in TensorBoard...
2023-03-22 12:58:43,950 - train - INFO - Starting epoch 15...
2023-03-22 12:59:10,709 - train - INFO - Evaluating at epoch 15...
2023-03-22 12:59:17,891 - train - INFO - Dev loss: 0.605, acc: 0.762, F1_weighted: 0.677, F1_macro: 0.396, F1_micro: 0.762, recall: 0.762, precision: 0.719, best_thresh: 0.500
2023-03-22 12:59:17,891 - train - INFO - Visualizing in TensorBoard...
2023-03-22 12:59:17,893 - train - INFO - Starting epoch 16...
2023-03-22 12:59:44,990 - train - INFO - Evaluating at epoch 16...
2023-03-22 12:59:52,350 - train - INFO - New best checkpoint at epoch 16...
2023-03-22 12:59:52,351 - train - INFO - Dev loss: 0.601, acc: 0.773, F1_weighted: 0.710, F1_macro: 0.450, F1_micro: 0.773, recall: 0.773, precision: 0.735, best_thresh: 0.500
2023-03-22 12:59:52,351 - train - INFO - Visualizing in TensorBoard...
2023-03-22 12:59:52,352 - train - INFO - Starting epoch 17...
2023-03-22 13:00:19,252 - train - INFO - Evaluating at epoch 17...
2023-03-22 13:00:26,514 - train - INFO - New best checkpoint at epoch 17...
2023-03-22 13:00:26,514 - train - INFO - Dev loss: 0.598, acc: 0.776, F1_weighted: 0.701, F1_macro: 0.455, F1_micro: 0.776, recall: 0.776, precision: 0.769, best_thresh: 0.500
2023-03-22 13:00:26,515 - train - INFO - Visualizing in TensorBoard...
2023-03-22 13:00:26,517 - train - INFO - Starting epoch 18...
2023-03-22 13:00:52,837 - train - INFO - Evaluating at epoch 18...
2023-03-22 13:01:00,059 - train - INFO - Dev loss: 0.598, acc: 0.760, F1_weighted: 0.671, F1_macro: 0.407, F1_micro: 0.760, recall: 0.760, precision: 0.745, best_thresh: 0.500
2023-03-22 13:01:00,059 - train - INFO - Visualizing in TensorBoard...
2023-03-22 13:01:00,060 - train - INFO - Starting epoch 19...
2023-03-22 13:01:27,098 - train - INFO - Evaluating at epoch 19...
2023-03-22 13:01:34,457 - train - INFO - Dev loss: 0.596, acc: 0.760, F1_weighted: 0.675, F1_macro: 0.392, F1_micro: 0.760, recall: 0.760, precision: 0.695, best_thresh: 0.500
2023-03-22 13:01:34,457 - train - INFO - Visualizing in TensorBoard...
2023-03-22 13:01:34,458 - train - INFO - Starting epoch 20...
2023-03-22 13:02:01,490 - train - INFO - Evaluating at epoch 20...
2023-03-22 13:02:09,063 - train - INFO - Dev loss: 0.593, acc: 0.782, F1_weighted: 0.720, F1_macro: 0.448, F1_micro: 0.782, recall: 0.782, precision: 0.775, best_thresh: 0.500
2023-03-22 13:02:09,064 - train - INFO - Visualizing in TensorBoard...
2023-03-22 13:02:09,065 - train - INFO - Starting epoch 21...
2023-03-22 13:02:36,400 - train - INFO - Evaluating at epoch 21...
2023-03-22 13:02:44,265 - train - INFO - Dev loss: 0.592, acc: 0.760, F1_weighted: 0.674, F1_macro: 0.402, F1_micro: 0.760, recall: 0.760, precision: 0.685, best_thresh: 0.500
2023-03-22 13:02:44,266 - train - INFO - Visualizing in TensorBoard...
2023-03-22 13:02:44,267 - train - INFO - Starting epoch 22...
2023-03-22 13:03:12,008 - train - INFO - Evaluating at epoch 22...
2023-03-22 13:03:19,410 - train - INFO - Dev loss: 0.590, acc: 0.767, F1_weighted: 0.685, F1_macro: 0.422, F1_micro: 0.767, recall: 0.767, precision: 0.749, best_thresh: 0.500
2023-03-22 13:03:19,411 - train - INFO - Visualizing in TensorBoard...
2023-03-22 13:03:19,412 - train - INFO - Starting epoch 23...
2023-03-22 13:03:46,873 - train - INFO - Evaluating at epoch 23...
2023-03-22 13:03:54,421 - train - INFO - Dev loss: 0.590, acc: 0.760, F1_weighted: 0.675, F1_macro: 0.383, F1_micro: 0.760, recall: 0.760, precision: 0.739, best_thresh: 0.500
2023-03-22 13:03:54,422 - train - INFO - Visualizing in TensorBoard...
2023-03-22 13:03:54,423 - train - INFO - Starting epoch 24...
2023-03-22 13:04:21,549 - train - INFO - Evaluating at epoch 24...
2023-03-22 13:04:28,805 - train - INFO - Dev loss: 0.589, acc: 0.758, F1_weighted: 0.663, F1_macro: 0.415, F1_micro: 0.758, recall: 0.758, precision: 0.656, best_thresh: 0.500
2023-03-22 13:04:28,805 - train - INFO - Visualizing in TensorBoard...
2023-03-22 13:04:28,807 - train - INFO - Starting epoch 25...
2023-03-22 13:04:55,489 - train - INFO - Evaluating at epoch 25...
2023-03-22 13:05:03,363 - train - INFO - Dev loss: 0.589, acc: 0.764, F1_weighted: 0.675, F1_macro: 0.422, F1_micro: 0.764, recall: 0.764, precision: 0.715, best_thresh: 0.500
2023-03-22 13:05:03,363 - train - INFO - Visualizing in TensorBoard...
2023-03-22 13:05:03,365 - train - INFO - Starting epoch 26...
2023-03-22 13:05:30,253 - train - INFO - Evaluating at epoch 26...
2023-03-22 13:05:37,825 - train - INFO - Dev loss: 0.587, acc: 0.767, F1_weighted: 0.680, F1_macro: 0.437, F1_micro: 0.767, recall: 0.767, precision: 0.731, best_thresh: 0.500
2023-03-22 13:05:37,826 - train - INFO - Visualizing in TensorBoard...
2023-03-22 13:05:37,826 - train - INFO - Starting epoch 27...
2023-03-22 13:06:04,997 - train - INFO - Evaluating at epoch 27...
2023-03-22 13:06:12,409 - train - INFO - New best checkpoint at epoch 27...
2023-03-22 13:06:12,409 - train - INFO - Dev loss: 0.585, acc: 0.780, F1_weighted: 0.722, F1_macro: 0.492, F1_micro: 0.780, recall: 0.780, precision: 0.743, best_thresh: 0.500
2023-03-22 13:06:12,409 - train - INFO - Visualizing in TensorBoard...
2023-03-22 13:06:12,411 - train - INFO - Starting epoch 28...
2023-03-22 13:06:39,324 - train - INFO - Evaluating at epoch 28...
2023-03-22 13:06:46,587 - train - INFO - Dev loss: 0.584, acc: 0.756, F1_weighted: 0.661, F1_macro: 0.407, F1_micro: 0.756, recall: 0.756, precision: 0.656, best_thresh: 0.500
2023-03-22 13:06:46,587 - train - INFO - Visualizing in TensorBoard...
2023-03-22 13:06:46,588 - train - INFO - Starting epoch 29...
2023-03-22 13:07:13,235 - train - INFO - Evaluating at epoch 29...
2023-03-22 13:07:20,926 - train - INFO - Dev loss: 0.583, acc: 0.773, F1_weighted: 0.697, F1_macro: 0.455, F1_micro: 0.773, recall: 0.773, precision: 0.749, best_thresh: 0.500
2023-03-22 13:07:20,926 - train - INFO - Visualizing in TensorBoard...
2023-03-22 13:07:20,927 - train - INFO - Starting epoch 30...
2023-03-22 13:07:48,167 - train - INFO - Evaluating at epoch 30...
2023-03-22 13:07:55,514 - train - INFO - Dev loss: 0.583, acc: 0.762, F1_weighted: 0.670, F1_macro: 0.426, F1_micro: 0.762, recall: 0.762, precision: 0.693, best_thresh: 0.500
2023-03-22 13:07:55,514 - train - INFO - Visualizing in TensorBoard...
2023-03-22 13:07:55,516 - train - INFO - Starting epoch 31...
2023-03-22 13:08:23,097 - train - INFO - Evaluating at epoch 31...
2023-03-22 13:08:30,305 - train - INFO - Dev loss: 0.583, acc: 0.751, F1_weighted: 0.653, F1_macro: 0.335, F1_micro: 0.751, recall: 0.751, precision: 0.688, best_thresh: 0.500
2023-03-22 13:08:30,305 - train - INFO - Visualizing in TensorBoard...
2023-03-22 13:08:30,307 - train - INFO - Starting epoch 32...
2023-03-22 13:08:56,892 - train - INFO - Evaluating at epoch 32...
2023-03-22 13:09:04,682 - train - INFO - Dev loss: 0.582, acc: 0.773, F1_weighted: 0.704, F1_macro: 0.454, F1_micro: 0.773, recall: 0.773, precision: 0.738, best_thresh: 0.500
2023-03-22 13:09:04,683 - train - INFO - Visualizing in TensorBoard...
2023-03-22 13:09:04,684 - train - INFO - Starting epoch 33...
2023-03-22 13:09:31,762 - train - INFO - Evaluating at epoch 33...
2023-03-22 13:09:39,270 - train - INFO - Dev loss: 0.582, acc: 0.773, F1_weighted: 0.724, F1_macro: 0.471, F1_micro: 0.773, recall: 0.773, precision: 0.732, best_thresh: 0.500
2023-03-22 13:09:39,270 - train - INFO - Visualizing in TensorBoard...
2023-03-22 13:09:39,271 - train - INFO - Starting epoch 34...
2023-03-22 13:10:06,884 - train - INFO - Evaluating at epoch 34...
2023-03-22 13:10:14,106 - train - INFO - Dev loss: 0.581, acc: 0.773, F1_weighted: 0.703, F1_macro: 0.458, F1_micro: 0.773, recall: 0.773, precision: 0.747, best_thresh: 0.500
2023-03-22 13:10:14,106 - train - INFO - Visualizing in TensorBoard...
2023-03-22 13:10:14,108 - train - INFO - Starting epoch 35...
2023-03-22 13:10:39,991 - train - INFO - Evaluating at epoch 35...
2023-03-22 13:10:47,285 - train - INFO - Dev loss: 0.581, acc: 0.773, F1_weighted: 0.706, F1_macro: 0.457, F1_micro: 0.773, recall: 0.773, precision: 0.735, best_thresh: 0.500
2023-03-22 13:10:47,285 - train - INFO - Visualizing in TensorBoard...
2023-03-22 13:10:47,286 - train - INFO - Starting epoch 36...
2023-03-22 13:11:13,896 - train - INFO - Evaluating at epoch 36...
2023-03-22 13:11:21,056 - train - INFO - Dev loss: 0.580, acc: 0.773, F1_weighted: 0.707, F1_macro: 0.449, F1_micro: 0.773, recall: 0.773, precision: 0.743, best_thresh: 0.500
2023-03-22 13:11:21,057 - train - INFO - Visualizing in TensorBoard...
2023-03-22 13:11:21,058 - train - INFO - Starting epoch 37...
2023-03-22 13:11:48,674 - train - INFO - Evaluating at epoch 37...
2023-03-22 13:11:55,832 - train - INFO - Dev loss: 0.580, acc: 0.767, F1_weighted: 0.699, F1_macro: 0.451, F1_micro: 0.767, recall: 0.767, precision: 0.713, best_thresh: 0.500
2023-03-22 13:11:55,832 - train - INFO - Visualizing in TensorBoard...
2023-03-22 13:11:55,834 - train - INFO - Starting epoch 38...
2023-03-22 13:12:22,469 - train - INFO - Evaluating at epoch 38...
2023-03-22 13:12:29,641 - train - INFO - Dev loss: 0.581, acc: 0.764, F1_weighted: 0.686, F1_macro: 0.406, F1_micro: 0.764, recall: 0.764, precision: 0.737, best_thresh: 0.500
2023-03-22 13:12:29,642 - train - INFO - Visualizing in TensorBoard...
2023-03-22 13:12:29,643 - train - INFO - Starting epoch 39...
2023-03-22 13:12:57,004 - train - INFO - Evaluating at epoch 39...
2023-03-22 13:13:04,236 - train - INFO - Dev loss: 0.581, acc: 0.769, F1_weighted: 0.688, F1_macro: 0.456, F1_micro: 0.769, recall: 0.769, precision: 0.734, best_thresh: 0.500
2023-03-22 13:13:04,237 - train - INFO - Visualizing in TensorBoard...
2023-03-22 13:13:04,238 - train - INFO - Starting epoch 40...
2023-03-22 13:13:30,633 - train - INFO - Evaluating at epoch 40...
2023-03-22 13:13:37,790 - train - INFO - Dev loss: 0.581, acc: 0.756, F1_weighted: 0.690, F1_macro: 0.445, F1_micro: 0.756, recall: 0.756, precision: 0.694, best_thresh: 0.500
2023-03-22 13:13:37,791 - train - INFO - Visualizing in TensorBoard...
2023-03-22 13:13:37,791 - train - INFO - Starting epoch 41...
2023-03-22 13:14:04,590 - train - INFO - Evaluating at epoch 41...
2023-03-22 13:14:11,994 - train - INFO - Dev loss: 0.582, acc: 0.771, F1_weighted: 0.690, F1_macro: 0.468, F1_micro: 0.771, recall: 0.771, precision: 0.753, best_thresh: 0.500
2023-03-22 13:14:11,995 - train - INFO - Visualizing in TensorBoard...
2023-03-22 13:14:11,996 - train - INFO - Starting epoch 42...
2023-03-22 13:14:40,219 - train - INFO - Evaluating at epoch 42...
2023-03-22 13:14:47,603 - train - INFO - Dev loss: 0.581, acc: 0.771, F1_weighted: 0.718, F1_macro: 0.464, F1_micro: 0.771, recall: 0.771, precision: 0.728, best_thresh: 0.500
2023-03-22 13:14:47,603 - train - INFO - Visualizing in TensorBoard...
2023-03-22 13:14:47,604 - train - INFO - Starting epoch 43...
2023-03-22 13:15:15,741 - train - INFO - Evaluating at epoch 43...
2023-03-22 13:15:23,772 - train - INFO - Dev loss: 0.582, acc: 0.760, F1_weighted: 0.671, F1_macro: 0.418, F1_micro: 0.760, recall: 0.760, precision: 0.715, best_thresh: 0.500
2023-03-22 13:15:23,772 - train - INFO - Visualizing in TensorBoard...
2023-03-22 13:15:23,774 - train - INFO - Starting epoch 44...
2023-03-22 13:15:51,038 - train - INFO - Evaluating at epoch 44...
2023-03-22 13:15:58,430 - train - INFO - Dev loss: 0.582, acc: 0.769, F1_weighted: 0.701, F1_macro: 0.472, F1_micro: 0.769, recall: 0.769, precision: 0.721, best_thresh: 0.500
2023-03-22 13:15:58,430 - train - INFO - Visualizing in TensorBoard...
2023-03-22 13:15:58,431 - train - INFO - Starting epoch 45...
2023-03-22 13:16:25,688 - train - INFO - Evaluating at epoch 45...
2023-03-22 13:16:33,586 - train - INFO - Dev loss: 0.582, acc: 0.769, F1_weighted: 0.701, F1_macro: 0.452, F1_micro: 0.769, recall: 0.769, precision: 0.720, best_thresh: 0.500
2023-03-22 13:16:33,586 - train - INFO - Visualizing in TensorBoard...
2023-03-22 13:16:33,587 - train - INFO - Starting epoch 46...
2023-03-22 13:17:01,725 - train - INFO - Evaluating at epoch 46...
2023-03-22 13:17:08,977 - train - INFO - Dev loss: 0.582, acc: 0.764, F1_weighted: 0.703, F1_macro: 0.457, F1_micro: 0.764, recall: 0.764, precision: 0.708, best_thresh: 0.500
2023-03-22 13:17:08,977 - train - INFO - Visualizing in TensorBoard...
2023-03-22 13:17:08,978 - train - INFO - Starting epoch 47...
2023-03-22 13:17:36,531 - train - INFO - Evaluating at epoch 47...
2023-03-22 13:17:43,933 - train - INFO - Dev loss: 0.583, acc: 0.769, F1_weighted: 0.682, F1_macro: 0.459, F1_micro: 0.769, recall: 0.769, precision: 0.761, best_thresh: 0.500
2023-03-22 13:17:43,934 - train - INFO - Visualizing in TensorBoard...
2023-03-22 13:17:43,935 - train - INFO - Starting epoch 48...
2023-03-22 13:18:10,740 - train - INFO - Evaluating at epoch 48...
2023-03-22 13:18:18,152 - train - INFO - Dev loss: 0.583, acc: 0.762, F1_weighted: 0.704, F1_macro: 0.437, F1_micro: 0.762, recall: 0.762, precision: 0.708, best_thresh: 0.500
2023-03-22 13:18:18,152 - train - INFO - Visualizing in TensorBoard...
2023-03-22 13:18:18,153 - train - INFO - Starting epoch 49...
2023-03-22 13:18:45,250 - train - INFO - Evaluating at epoch 49...
2023-03-22 13:18:52,546 - train - INFO - Dev loss: 0.583, acc: 0.762, F1_weighted: 0.693, F1_macro: 0.410, F1_micro: 0.762, recall: 0.762, precision: 0.712, best_thresh: 0.500
2023-03-22 13:18:52,547 - train - INFO - Visualizing in TensorBoard...
2023-03-22 13:18:52,548 - train - INFO - Starting epoch 50...
2023-03-22 13:19:19,223 - train - INFO - Evaluating at epoch 50...
2023-03-22 13:19:27,094 - train - INFO - Dev loss: 0.583, acc: 0.751, F1_weighted: 0.710, F1_macro: 0.450, F1_micro: 0.751, recall: 0.751, precision: 0.698, best_thresh: 0.500
2023-03-22 13:19:27,094 - train - INFO - Visualizing in TensorBoard...
2023-03-22 13:19:27,116 - train - INFO - Training DONE. Evaluating model...
2023-03-22 13:19:33,838 - train - INFO - DEV set prediction results: loss: 0.412, acc: 0.780, F1_weighted: 0.722, F1_macro: 0.492, F1_micro: 0.780, recall: 0.780, precision: 0.743, best_thresh: 0.500
2023-03-22 13:19:43,215 - train - INFO - TEST set prediction results: loss: 0.749, acc: 0.706, F1_weighted: 0.644, F1_macro: 0.540, F1_micro: 0.706, recall: 0.706, precision: 0.710, best_thresh: 0.500
