2023-03-22 09:39:16,433 - train - INFO - Log directory: ./model_saved/train/train-11
2023-03-22 09:39:16,436 - train - INFO - Args: {
    "cl_decay_steps": 3000,
    "cuda": true,
    "data_augment": true,
    "dcgru_activation": "tanh",
    "do_train": true,
    "dropout": 0.5,
    "eval_every": 1,
    "filter_type": "dual_random_walk",
    "fine_tune": false,
    "graph_type": "individual",
    "input_dim": 241,
    "input_dir": "../tusz_resampled/",
    "l2_wd": 0.0005,
    "load_model_path": null,
    "lr_init": 0.0003,
    "max_diffusion_step": 2,
    "max_grad_norm": 5.0,
    "max_seq_len": 12,
    "maximize_metric": true,
    "metric_avg": "weighted",
    "metric_name": "F1_macro",
    "model_name": "dcrnn",
    "num_classes": 4,
    "num_epochs": 60,
    "num_nodes": 19,
    "num_rnn_layers": 2,
    "num_workers": 8,
    "output_dim": 100,
    "output_seq_len": 12,
    "patience": 5,
    "preproc_dir": null,
    "preprocess": "dwt",
    "pretrained_num_rnn_layers": 3,
    "rand_seed": 123,
    "raw_data_dir": "../tusz_raw/",
    "rnn_units": 64,
    "save_dir": "./model_saved/train/train-11",
    "task": "classification",
    "test_batch_size": 128,
    "time_step_size": 1,
    "top_k": 3,
    "train_batch_size": 40,
    "use_curriculum_learning": false
}
2023-03-22 09:39:16,437 - train - INFO - Building dataset...
2023-03-22 09:39:43,265 - train - INFO - Building model...
2023-03-22 09:39:43,270 - train - INFO - Total number of trainable parameters: 416324
2023-03-22 09:39:44,589 - train - INFO - Saver will maximize F1_macro...
2023-03-22 09:39:44,590 - train - INFO - Training...
2023-03-22 09:39:44,590 - train - INFO - Starting epoch 1...
2023-03-22 09:40:15,671 - train - INFO - Evaluating at epoch 1...
2023-03-22 09:40:24,718 - train - INFO - New best checkpoint at epoch 1...
2023-03-22 09:40:24,719 - train - INFO - Dev loss: 0.759, acc: 0.744, F1_weighted: 0.635, F1_macro: 0.213, F1_micro: 0.744, recall: 0.744, precision: 0.554, best_thresh: 0.500
2023-03-22 09:40:24,719 - train - INFO - Visualizing in TensorBoard...
2023-03-22 09:40:24,720 - train - INFO - Starting epoch 2...
2023-03-22 09:40:53,890 - train - INFO - Evaluating at epoch 2...
2023-03-22 09:41:02,325 - train - INFO - New best checkpoint at epoch 2...
2023-03-22 09:41:02,325 - train - INFO - Dev loss: 0.735, acc: 0.744, F1_weighted: 0.635, F1_macro: 0.213, F1_micro: 0.744, recall: 0.744, precision: 0.554, best_thresh: 0.500
2023-03-22 09:41:02,325 - train - INFO - Visualizing in TensorBoard...
2023-03-22 09:41:02,326 - train - INFO - Starting epoch 3...
2023-03-22 09:41:30,928 - train - INFO - Evaluating at epoch 3...
2023-03-22 09:41:39,571 - train - INFO - New best checkpoint at epoch 3...
2023-03-22 09:41:39,571 - train - INFO - Dev loss: 0.718, acc: 0.744, F1_weighted: 0.635, F1_macro: 0.213, F1_micro: 0.744, recall: 0.744, precision: 0.554, best_thresh: 0.500
2023-03-22 09:41:39,572 - train - INFO - Visualizing in TensorBoard...
2023-03-22 09:41:39,573 - train - INFO - Starting epoch 4...
2023-03-22 09:42:09,265 - train - INFO - Evaluating at epoch 4...
2023-03-22 09:42:17,691 - train - INFO - New best checkpoint at epoch 4...
2023-03-22 09:42:17,692 - train - INFO - Dev loss: 0.707, acc: 0.744, F1_weighted: 0.635, F1_macro: 0.213, F1_micro: 0.744, recall: 0.744, precision: 0.554, best_thresh: 0.500
2023-03-22 09:42:17,692 - train - INFO - Visualizing in TensorBoard...
2023-03-22 09:42:17,694 - train - INFO - Starting epoch 5...
2023-03-22 09:42:46,853 - train - INFO - Evaluating at epoch 5...
2023-03-22 09:42:55,122 - train - INFO - New best checkpoint at epoch 5...
2023-03-22 09:42:55,123 - train - INFO - Dev loss: 0.692, acc: 0.744, F1_weighted: 0.635, F1_macro: 0.213, F1_micro: 0.744, recall: 0.744, precision: 0.554, best_thresh: 0.500
2023-03-22 09:42:55,123 - train - INFO - Visualizing in TensorBoard...
2023-03-22 09:42:55,125 - train - INFO - Starting epoch 6...
2023-03-22 09:43:23,524 - train - INFO - Evaluating at epoch 6...
2023-03-22 09:43:32,313 - train - INFO - New best checkpoint at epoch 6...
2023-03-22 09:43:32,313 - train - INFO - Dev loss: 0.677, acc: 0.749, F1_weighted: 0.650, F1_macro: 0.229, F1_micro: 0.749, recall: 0.749, precision: 0.685, best_thresh: 0.500
2023-03-22 09:43:32,313 - train - INFO - Visualizing in TensorBoard...
2023-03-22 09:43:32,315 - train - INFO - Starting epoch 7...
2023-03-22 09:44:00,532 - train - INFO - Evaluating at epoch 7...
2023-03-22 09:44:09,657 - train - INFO - New best checkpoint at epoch 7...
2023-03-22 09:44:09,658 - train - INFO - Dev loss: 0.668, acc: 0.753, F1_weighted: 0.661, F1_macro: 0.280, F1_micro: 0.753, recall: 0.753, precision: 0.692, best_thresh: 0.500
2023-03-22 09:44:09,658 - train - INFO - Visualizing in TensorBoard...
2023-03-22 09:44:09,659 - train - INFO - Starting epoch 8...
2023-03-22 09:44:38,770 - train - INFO - Evaluating at epoch 8...
2023-03-22 09:44:48,108 - train - INFO - New best checkpoint at epoch 8...
2023-03-22 09:44:48,108 - train - INFO - Dev loss: 0.658, acc: 0.764, F1_weighted: 0.694, F1_macro: 0.348, F1_micro: 0.764, recall: 0.764, precision: 0.714, best_thresh: 0.500
2023-03-22 09:44:48,108 - train - INFO - Visualizing in TensorBoard...
2023-03-22 09:44:48,109 - train - INFO - Starting epoch 9...
2023-03-22 09:45:16,689 - train - INFO - Evaluating at epoch 9...
2023-03-22 09:45:25,042 - train - INFO - New best checkpoint at epoch 9...
2023-03-22 09:45:25,042 - train - INFO - Dev loss: 0.649, acc: 0.782, F1_weighted: 0.727, F1_macro: 0.435, F1_micro: 0.782, recall: 0.782, precision: 0.749, best_thresh: 0.500
2023-03-22 09:45:25,042 - train - INFO - Visualizing in TensorBoard...
2023-03-22 09:45:25,044 - train - INFO - Starting epoch 10...
2023-03-22 09:45:54,384 - train - INFO - Evaluating at epoch 10...
2023-03-22 09:46:02,834 - train - INFO - New best checkpoint at epoch 10...
2023-03-22 09:46:02,834 - train - INFO - Dev loss: 0.643, acc: 0.780, F1_weighted: 0.712, F1_macro: 0.467, F1_micro: 0.780, recall: 0.780, precision: 0.758, best_thresh: 0.500
2023-03-22 09:46:02,834 - train - INFO - Visualizing in TensorBoard...
2023-03-22 09:46:02,836 - train - INFO - Starting epoch 11...
2023-03-22 09:46:31,549 - train - INFO - Evaluating at epoch 11...
2023-03-22 09:46:39,814 - train - INFO - New best checkpoint at epoch 11...
2023-03-22 09:46:39,814 - train - INFO - Dev loss: 0.637, acc: 0.791, F1_weighted: 0.736, F1_macro: 0.501, F1_micro: 0.791, recall: 0.791, precision: 0.769, best_thresh: 0.500
2023-03-22 09:46:39,814 - train - INFO - Visualizing in TensorBoard...
2023-03-22 09:46:39,815 - train - INFO - Starting epoch 12...
2023-03-22 09:47:08,979 - train - INFO - Evaluating at epoch 12...
2023-03-22 09:47:17,150 - train - INFO - Dev loss: 0.631, acc: 0.787, F1_weighted: 0.736, F1_macro: 0.436, F1_micro: 0.787, recall: 0.787, precision: 0.752, best_thresh: 0.500
2023-03-22 09:47:17,150 - train - INFO - Visualizing in TensorBoard...
2023-03-22 09:47:17,151 - train - INFO - Starting epoch 13...
2023-03-22 09:47:47,521 - train - INFO - Evaluating at epoch 13...
2023-03-22 09:47:55,941 - train - INFO - Dev loss: 0.630, acc: 0.760, F1_weighted: 0.680, F1_macro: 0.332, F1_micro: 0.760, recall: 0.760, precision: 0.693, best_thresh: 0.500
2023-03-22 09:47:55,941 - train - INFO - Visualizing in TensorBoard...
2023-03-22 09:47:55,943 - train - INFO - Starting epoch 14...
2023-03-22 09:48:26,126 - train - INFO - Evaluating at epoch 14...
2023-03-22 09:48:34,516 - train - INFO - New best checkpoint at epoch 14...
2023-03-22 09:48:34,517 - train - INFO - Dev loss: 0.624, acc: 0.789, F1_weighted: 0.756, F1_macro: 0.555, F1_micro: 0.789, recall: 0.789, precision: 0.748, best_thresh: 0.500
2023-03-22 09:48:34,517 - train - INFO - Visualizing in TensorBoard...
2023-03-22 09:48:34,518 - train - INFO - Starting epoch 15...
2023-03-22 09:49:03,505 - train - INFO - Evaluating at epoch 15...
2023-03-22 09:49:12,340 - train - INFO - Dev loss: 0.620, acc: 0.789, F1_weighted: 0.743, F1_macro: 0.510, F1_micro: 0.789, recall: 0.789, precision: 0.752, best_thresh: 0.500
2023-03-22 09:49:12,341 - train - INFO - Visualizing in TensorBoard...
2023-03-22 09:49:12,342 - train - INFO - Starting epoch 16...
2023-03-22 09:49:42,460 - train - INFO - Evaluating at epoch 16...
2023-03-22 09:49:51,100 - train - INFO - Dev loss: 0.618, acc: 0.793, F1_weighted: 0.738, F1_macro: 0.532, F1_micro: 0.793, recall: 0.793, precision: 0.770, best_thresh: 0.500
2023-03-22 09:49:51,101 - train - INFO - Visualizing in TensorBoard...
2023-03-22 09:49:51,102 - train - INFO - Starting epoch 17...
2023-03-22 09:50:19,818 - train - INFO - Evaluating at epoch 17...
2023-03-22 09:50:28,314 - train - INFO - Dev loss: 0.616, acc: 0.760, F1_weighted: 0.738, F1_macro: 0.514, F1_micro: 0.760, recall: 0.760, precision: 0.723, best_thresh: 0.500
2023-03-22 09:50:28,315 - train - INFO - Visualizing in TensorBoard...
2023-03-22 09:50:28,316 - train - INFO - Starting epoch 18...
2023-03-22 09:50:57,458 - train - INFO - Evaluating at epoch 18...
2023-03-22 09:51:06,089 - train - INFO - Dev loss: 0.613, acc: 0.782, F1_weighted: 0.741, F1_macro: 0.398, F1_micro: 0.782, recall: 0.782, precision: 0.744, best_thresh: 0.500
2023-03-22 09:51:06,090 - train - INFO - Visualizing in TensorBoard...
2023-03-22 09:51:06,091 - train - INFO - Starting epoch 19...
2023-03-22 09:51:34,791 - train - INFO - Evaluating at epoch 19...
2023-03-22 09:51:43,057 - train - INFO - Dev loss: 0.612, acc: 0.760, F1_weighted: 0.738, F1_macro: 0.535, F1_micro: 0.760, recall: 0.760, precision: 0.724, best_thresh: 0.500
2023-03-22 09:51:43,058 - train - INFO - Visualizing in TensorBoard...
2023-03-22 09:51:43,059 - train - INFO - Starting epoch 20...
2023-03-22 09:52:12,669 - train - INFO - Evaluating at epoch 20...
2023-03-22 09:52:21,092 - train - INFO - Dev loss: 0.613, acc: 0.738, F1_weighted: 0.725, F1_macro: 0.402, F1_micro: 0.738, recall: 0.738, precision: 0.725, best_thresh: 0.500
2023-03-22 09:52:21,092 - train - INFO - Visualizing in TensorBoard...
2023-03-22 09:52:21,094 - train - INFO - Starting epoch 21...
2023-03-22 09:52:49,732 - train - INFO - Evaluating at epoch 21...
2023-03-22 09:52:58,025 - train - INFO - Dev loss: 0.613, acc: 0.764, F1_weighted: 0.720, F1_macro: 0.477, F1_micro: 0.764, recall: 0.764, precision: 0.714, best_thresh: 0.500
2023-03-22 09:52:58,025 - train - INFO - Visualizing in TensorBoard...
2023-03-22 09:52:58,027 - train - INFO - Starting epoch 22...
2023-03-22 09:53:27,153 - train - INFO - Evaluating at epoch 22...
2023-03-22 09:53:36,019 - train - INFO - Dev loss: 0.614, acc: 0.744, F1_weighted: 0.724, F1_macro: 0.517, F1_micro: 0.744, recall: 0.744, precision: 0.708, best_thresh: 0.500
2023-03-22 09:53:36,019 - train - INFO - Visualizing in TensorBoard...
2023-03-22 09:53:36,021 - train - INFO - Starting epoch 23...
2023-03-22 09:54:05,346 - train - INFO - Evaluating at epoch 23...
2023-03-22 09:54:13,629 - train - INFO - Dev loss: 0.617, acc: 0.731, F1_weighted: 0.720, F1_macro: 0.476, F1_micro: 0.731, recall: 0.731, precision: 0.714, best_thresh: 0.500
2023-03-22 09:54:13,630 - train - INFO - Visualizing in TensorBoard...
2023-03-22 09:54:13,631 - train - INFO - Starting epoch 24...
2023-03-22 09:54:42,863 - train - INFO - Evaluating at epoch 24...
2023-03-22 09:54:51,001 - train - INFO - Dev loss: 0.618, acc: 0.778, F1_weighted: 0.725, F1_macro: 0.477, F1_micro: 0.778, recall: 0.778, precision: 0.738, best_thresh: 0.500
2023-03-22 09:54:51,001 - train - INFO - Visualizing in TensorBoard...
2023-03-22 09:54:51,028 - train - INFO - Training DONE. Evaluating model...
2023-03-22 09:54:58,581 - train - INFO - DEV set prediction results: loss: 0.492, acc: 0.789, F1_weighted: 0.756, F1_macro: 0.555, F1_micro: 0.789, recall: 0.789, precision: 0.748, best_thresh: 0.500
2023-03-22 09:55:10,026 - train - INFO - TEST set prediction results: loss: 0.750, acc: 0.641, F1_weighted: 0.578, F1_macro: 0.476, F1_micro: 0.641, recall: 0.641, precision: 0.620, best_thresh: 0.500
