2023-03-21 15:11:47,921 - train - INFO - Log directory: ./model_saved/train/train-09
2023-03-21 15:11:47,924 - train - INFO - Args: {
    "cl_decay_steps": 3000,
    "cuda": true,
    "data_augment": true,
    "dcgru_activation": "tanh",
    "do_train": true,
    "dropout": 0.5,
    "eval_every": 1,
    "filter_type": "dual_random_walk",
    "fine_tune": false,
    "graph_type": "individual",
    "input_dim": 100,
    "input_dir": "../tusz_resampled/",
    "l2_wd": 0.0005,
    "load_model_path": null,
    "lr_init": 0.0003,
    "max_diffusion_step": 2,
    "max_grad_norm": 5.0,
    "max_seq_len": 12,
    "maximize_metric": true,
    "metric_avg": "weighted",
    "metric_name": "F1_macro",
    "model_name": "dcrnn",
    "num_classes": 4,
    "num_epochs": 60,
    "num_nodes": 19,
    "num_rnn_layers": 2,
    "num_workers": 8,
    "output_dim": 100,
    "output_seq_len": 12,
    "patience": 5,
    "preproc_dir": null,
    "preprocess": "gamma_fft",
    "pretrained_num_rnn_layers": 3,
    "rand_seed": 123,
    "raw_data_dir": "../tusz_raw/",
    "rnn_units": 64,
    "save_dir": "./model_saved/train/train-09",
    "task": "classification",
    "test_batch_size": 128,
    "time_step_size": 1,
    "top_k": 3,
    "train_batch_size": 40,
    "use_curriculum_learning": false
}
2023-03-21 15:11:47,924 - train - INFO - Building dataset...
2023-03-21 15:12:14,928 - train - INFO - Building model...
2023-03-21 15:12:14,930 - train - INFO - Total number of trainable parameters: 280964
2023-03-21 15:12:16,023 - train - INFO - Saver will maximize F1_macro...
2023-03-21 15:12:16,023 - train - INFO - Training...
2023-03-21 15:12:16,024 - train - INFO - Starting epoch 1...
2023-03-21 15:12:43,100 - train - INFO - Evaluating at epoch 1...
2023-03-21 15:12:50,524 - train - INFO - New best checkpoint at epoch 1...
2023-03-21 15:12:50,525 - train - INFO - Dev loss: 0.730, acc: 0.744, F1_weighted: 0.635, F1_macro: 0.213, F1_micro: 0.744, recall: 0.744, precision: 0.554, best_thresh: 0.500
2023-03-21 15:12:50,525 - train - INFO - Visualizing in TensorBoard...
2023-03-21 15:12:50,526 - train - INFO - Starting epoch 2...
2023-03-21 15:13:17,453 - train - INFO - Evaluating at epoch 2...
2023-03-21 15:13:25,533 - train - INFO - New best checkpoint at epoch 2...
2023-03-21 15:13:25,534 - train - INFO - Dev loss: 0.712, acc: 0.744, F1_weighted: 0.635, F1_macro: 0.213, F1_micro: 0.744, recall: 0.744, precision: 0.554, best_thresh: 0.500
2023-03-21 15:13:25,534 - train - INFO - Visualizing in TensorBoard...
2023-03-21 15:13:25,535 - train - INFO - Starting epoch 3...
2023-03-21 15:13:52,428 - train - INFO - Evaluating at epoch 3...
2023-03-21 15:14:00,108 - train - INFO - New best checkpoint at epoch 3...
2023-03-21 15:14:00,108 - train - INFO - Dev loss: 0.692, acc: 0.744, F1_weighted: 0.635, F1_macro: 0.213, F1_micro: 0.744, recall: 0.744, precision: 0.554, best_thresh: 0.500
2023-03-21 15:14:00,108 - train - INFO - Visualizing in TensorBoard...
2023-03-21 15:14:00,111 - train - INFO - Starting epoch 4...
2023-03-21 15:14:28,375 - train - INFO - Evaluating at epoch 4...
2023-03-21 15:14:35,946 - train - INFO - New best checkpoint at epoch 4...
2023-03-21 15:14:35,946 - train - INFO - Dev loss: 0.674, acc: 0.744, F1_weighted: 0.635, F1_macro: 0.213, F1_micro: 0.744, recall: 0.744, precision: 0.554, best_thresh: 0.500
2023-03-21 15:14:35,947 - train - INFO - Visualizing in TensorBoard...
2023-03-21 15:14:35,947 - train - INFO - Starting epoch 5...
2023-03-21 15:15:05,173 - train - INFO - Evaluating at epoch 5...
2023-03-21 15:15:13,180 - train - INFO - New best checkpoint at epoch 5...
2023-03-21 15:15:13,181 - train - INFO - Dev loss: 0.667, acc: 0.744, F1_weighted: 0.635, F1_macro: 0.213, F1_micro: 0.744, recall: 0.744, precision: 0.554, best_thresh: 0.500
2023-03-21 15:15:13,181 - train - INFO - Visualizing in TensorBoard...
2023-03-21 15:15:13,183 - train - INFO - Starting epoch 6...
2023-03-21 15:15:41,826 - train - INFO - Evaluating at epoch 6...
2023-03-21 15:15:49,270 - train - INFO - New best checkpoint at epoch 6...
2023-03-21 15:15:49,271 - train - INFO - Dev loss: 0.655, acc: 0.744, F1_weighted: 0.635, F1_macro: 0.213, F1_micro: 0.744, recall: 0.744, precision: 0.554, best_thresh: 0.500
2023-03-21 15:15:49,271 - train - INFO - Visualizing in TensorBoard...
2023-03-21 15:15:49,273 - train - INFO - Starting epoch 7...
2023-03-21 15:16:16,898 - train - INFO - Evaluating at epoch 7...
2023-03-21 15:16:24,461 - train - INFO - New best checkpoint at epoch 7...
2023-03-21 15:16:24,461 - train - INFO - Dev loss: 0.645, acc: 0.744, F1_weighted: 0.636, F1_macro: 0.214, F1_micro: 0.744, recall: 0.744, precision: 0.555, best_thresh: 0.500
2023-03-21 15:16:24,462 - train - INFO - Visualizing in TensorBoard...
2023-03-21 15:16:24,463 - train - INFO - Starting epoch 8...
2023-03-21 15:16:51,788 - train - INFO - Evaluating at epoch 8...
2023-03-21 15:16:59,108 - train - INFO - New best checkpoint at epoch 8...
2023-03-21 15:16:59,108 - train - INFO - Dev loss: 0.633, acc: 0.749, F1_weighted: 0.645, F1_macro: 0.281, F1_micro: 0.749, recall: 0.749, precision: 0.569, best_thresh: 0.500
2023-03-21 15:16:59,108 - train - INFO - Visualizing in TensorBoard...
2023-03-21 15:16:59,109 - train - INFO - Starting epoch 9...
2023-03-21 15:17:26,764 - train - INFO - Evaluating at epoch 9...
2023-03-21 15:17:34,632 - train - INFO - New best checkpoint at epoch 9...
2023-03-21 15:17:34,632 - train - INFO - Dev loss: 0.626, acc: 0.758, F1_weighted: 0.659, F1_macro: 0.403, F1_micro: 0.758, recall: 0.758, precision: 0.586, best_thresh: 0.500
2023-03-21 15:17:34,632 - train - INFO - Visualizing in TensorBoard...
2023-03-21 15:17:34,634 - train - INFO - Starting epoch 10...
2023-03-21 15:18:02,010 - train - INFO - Evaluating at epoch 10...
2023-03-21 15:18:09,184 - train - INFO - Dev loss: 0.620, acc: 0.753, F1_weighted: 0.652, F1_macro: 0.358, F1_micro: 0.753, recall: 0.753, precision: 0.583, best_thresh: 0.500
2023-03-21 15:18:09,185 - train - INFO - Visualizing in TensorBoard...
2023-03-21 15:18:09,187 - train - INFO - Starting epoch 11...
2023-03-21 15:18:37,173 - train - INFO - Evaluating at epoch 11...
2023-03-21 15:18:44,606 - train - INFO - New best checkpoint at epoch 11...
2023-03-21 15:18:44,606 - train - INFO - Dev loss: 0.613, acc: 0.760, F1_weighted: 0.669, F1_macro: 0.425, F1_micro: 0.760, recall: 0.760, precision: 0.642, best_thresh: 0.500
2023-03-21 15:18:44,607 - train - INFO - Visualizing in TensorBoard...
2023-03-21 15:18:44,608 - train - INFO - Starting epoch 12...
2023-03-21 15:19:11,274 - train - INFO - Evaluating at epoch 12...
2023-03-21 15:19:19,414 - train - INFO - New best checkpoint at epoch 12...
2023-03-21 15:19:19,415 - train - INFO - Dev loss: 0.607, acc: 0.760, F1_weighted: 0.668, F1_macro: 0.427, F1_micro: 0.760, recall: 0.760, precision: 0.652, best_thresh: 0.500
2023-03-21 15:19:19,415 - train - INFO - Visualizing in TensorBoard...
2023-03-21 15:19:19,416 - train - INFO - Starting epoch 13...
2023-03-21 15:19:47,107 - train - INFO - Evaluating at epoch 13...
2023-03-21 15:19:54,593 - train - INFO - New best checkpoint at epoch 13...
2023-03-21 15:19:54,593 - train - INFO - Dev loss: 0.601, acc: 0.764, F1_weighted: 0.681, F1_macro: 0.451, F1_micro: 0.764, recall: 0.764, precision: 0.662, best_thresh: 0.500
2023-03-21 15:19:54,594 - train - INFO - Visualizing in TensorBoard...
2023-03-21 15:19:54,595 - train - INFO - Starting epoch 14...
2023-03-21 15:20:21,207 - train - INFO - Evaluating at epoch 14...
2023-03-21 15:20:28,548 - train - INFO - Dev loss: 0.599, acc: 0.756, F1_weighted: 0.657, F1_macro: 0.372, F1_micro: 0.756, recall: 0.756, precision: 0.585, best_thresh: 0.500
2023-03-21 15:20:28,548 - train - INFO - Visualizing in TensorBoard...
2023-03-21 15:20:28,550 - train - INFO - Starting epoch 15...
2023-03-21 15:20:55,675 - train - INFO - Evaluating at epoch 15...
2023-03-21 15:21:02,926 - train - INFO - Dev loss: 0.594, acc: 0.764, F1_weighted: 0.676, F1_macro: 0.420, F1_micro: 0.764, recall: 0.764, precision: 0.721, best_thresh: 0.500
2023-03-21 15:21:02,927 - train - INFO - Visualizing in TensorBoard...
2023-03-21 15:21:02,928 - train - INFO - Starting epoch 16...
2023-03-21 15:21:29,737 - train - INFO - Evaluating at epoch 16...
2023-03-21 15:21:37,125 - train - INFO - Dev loss: 0.590, acc: 0.762, F1_weighted: 0.672, F1_macro: 0.404, F1_micro: 0.762, recall: 0.762, precision: 0.663, best_thresh: 0.500
2023-03-21 15:21:37,126 - train - INFO - Visualizing in TensorBoard...
2023-03-21 15:21:37,127 - train - INFO - Starting epoch 17...
2023-03-21 15:22:04,214 - train - INFO - Evaluating at epoch 17...
2023-03-21 15:22:11,960 - train - INFO - New best checkpoint at epoch 17...
2023-03-21 15:22:11,960 - train - INFO - Dev loss: 0.587, acc: 0.762, F1_weighted: 0.671, F1_macro: 0.458, F1_micro: 0.762, recall: 0.762, precision: 0.603, best_thresh: 0.500
2023-03-21 15:22:11,961 - train - INFO - Visualizing in TensorBoard...
2023-03-21 15:22:11,962 - train - INFO - Starting epoch 18...
2023-03-21 15:22:39,139 - train - INFO - Evaluating at epoch 18...
2023-03-21 15:22:46,494 - train - INFO - Dev loss: 0.586, acc: 0.764, F1_weighted: 0.673, F1_macro: 0.453, F1_micro: 0.764, recall: 0.764, precision: 0.669, best_thresh: 0.500
2023-03-21 15:22:46,494 - train - INFO - Visualizing in TensorBoard...
2023-03-21 15:22:46,495 - train - INFO - Starting epoch 19...
2023-03-21 15:23:13,192 - train - INFO - Evaluating at epoch 19...
2023-03-21 15:23:20,662 - train - INFO - Dev loss: 0.583, acc: 0.773, F1_weighted: 0.696, F1_macro: 0.447, F1_micro: 0.773, recall: 0.773, precision: 0.761, best_thresh: 0.500
2023-03-21 15:23:20,662 - train - INFO - Visualizing in TensorBoard...
2023-03-21 15:23:20,663 - train - INFO - Starting epoch 20...
2023-03-21 15:23:47,692 - train - INFO - Evaluating at epoch 20...
2023-03-21 15:23:54,900 - train - INFO - Dev loss: 0.583, acc: 0.762, F1_weighted: 0.670, F1_macro: 0.414, F1_micro: 0.762, recall: 0.762, precision: 0.731, best_thresh: 0.500
2023-03-21 15:23:54,900 - train - INFO - Visualizing in TensorBoard...
2023-03-21 15:23:54,902 - train - INFO - Starting epoch 21...
2023-03-21 15:24:23,079 - train - INFO - Evaluating at epoch 21...
2023-03-21 15:24:30,488 - train - INFO - New best checkpoint at epoch 21...
2023-03-21 15:24:30,489 - train - INFO - Dev loss: 0.580, acc: 0.784, F1_weighted: 0.724, F1_macro: 0.513, F1_micro: 0.784, recall: 0.784, precision: 0.746, best_thresh: 0.500
2023-03-21 15:24:30,489 - train - INFO - Visualizing in TensorBoard...
2023-03-21 15:24:30,491 - train - INFO - Starting epoch 22...
2023-03-21 15:24:58,735 - train - INFO - Evaluating at epoch 22...
2023-03-21 15:25:06,508 - train - INFO - Dev loss: 0.580, acc: 0.767, F1_weighted: 0.680, F1_macro: 0.456, F1_micro: 0.767, recall: 0.767, precision: 0.673, best_thresh: 0.500
2023-03-21 15:25:06,508 - train - INFO - Visualizing in TensorBoard...
2023-03-21 15:25:06,510 - train - INFO - Starting epoch 23...
2023-03-21 15:25:34,386 - train - INFO - Evaluating at epoch 23...
2023-03-21 15:25:42,836 - train - INFO - Dev loss: 0.580, acc: 0.767, F1_weighted: 0.677, F1_macro: 0.427, F1_micro: 0.767, recall: 0.767, precision: 0.803, best_thresh: 0.500
2023-03-21 15:25:42,837 - train - INFO - Visualizing in TensorBoard...
2023-03-21 15:25:42,842 - train - INFO - Starting epoch 24...
2023-03-21 15:26:11,303 - train - INFO - Evaluating at epoch 24...
2023-03-21 15:26:18,810 - train - INFO - Dev loss: 0.580, acc: 0.769, F1_weighted: 0.687, F1_macro: 0.466, F1_micro: 0.769, recall: 0.769, precision: 0.688, best_thresh: 0.500
2023-03-21 15:26:18,811 - train - INFO - Visualizing in TensorBoard...
2023-03-21 15:26:18,812 - train - INFO - Starting epoch 25...
2023-03-21 15:26:47,130 - train - INFO - Evaluating at epoch 25...
2023-03-21 15:26:54,597 - train - INFO - Dev loss: 0.580, acc: 0.764, F1_weighted: 0.677, F1_macro: 0.409, F1_micro: 0.764, recall: 0.764, precision: 0.752, best_thresh: 0.500
2023-03-21 15:26:54,598 - train - INFO - Visualizing in TensorBoard...
2023-03-21 15:26:54,599 - train - INFO - Starting epoch 26...
2023-03-21 15:27:23,616 - train - INFO - Evaluating at epoch 26...
2023-03-21 15:27:31,018 - train - INFO - Dev loss: 0.578, acc: 0.776, F1_weighted: 0.698, F1_macro: 0.497, F1_micro: 0.776, recall: 0.776, precision: 0.728, best_thresh: 0.500
2023-03-21 15:27:31,019 - train - INFO - Visualizing in TensorBoard...
2023-03-21 15:27:31,021 - train - INFO - Starting epoch 27...
2023-03-21 15:27:58,834 - train - INFO - Evaluating at epoch 27...
2023-03-21 15:28:06,362 - train - INFO - Dev loss: 0.578, acc: 0.773, F1_weighted: 0.692, F1_macro: 0.442, F1_micro: 0.773, recall: 0.773, precision: 0.755, best_thresh: 0.500
2023-03-21 15:28:06,362 - train - INFO - Visualizing in TensorBoard...
2023-03-21 15:28:06,364 - train - INFO - Starting epoch 28...
2023-03-21 15:28:34,802 - train - INFO - Evaluating at epoch 28...
2023-03-21 15:28:42,402 - train - INFO - Dev loss: 0.577, acc: 0.780, F1_weighted: 0.707, F1_macro: 0.467, F1_micro: 0.780, recall: 0.780, precision: 0.762, best_thresh: 0.500
2023-03-21 15:28:42,402 - train - INFO - Visualizing in TensorBoard...
2023-03-21 15:28:42,403 - train - INFO - Starting epoch 29...
2023-03-21 15:29:09,965 - train - INFO - Evaluating at epoch 29...
2023-03-21 15:29:17,356 - train - INFO - Dev loss: 0.576, acc: 0.782, F1_weighted: 0.715, F1_macro: 0.438, F1_micro: 0.782, recall: 0.782, precision: 0.771, best_thresh: 0.500
2023-03-21 15:29:17,357 - train - INFO - Visualizing in TensorBoard...
2023-03-21 15:29:17,358 - train - INFO - Starting epoch 30...
2023-03-21 15:29:45,572 - train - INFO - Evaluating at epoch 30...
2023-03-21 15:29:53,981 - train - INFO - Dev loss: 0.575, acc: 0.769, F1_weighted: 0.686, F1_macro: 0.444, F1_micro: 0.769, recall: 0.769, precision: 0.685, best_thresh: 0.500
2023-03-21 15:29:53,981 - train - INFO - Visualizing in TensorBoard...
2023-03-21 15:29:53,982 - train - INFO - Starting epoch 31...
2023-03-21 15:30:22,365 - train - INFO - Evaluating at epoch 31...
2023-03-21 15:30:29,745 - train - INFO - Dev loss: 0.575, acc: 0.771, F1_weighted: 0.689, F1_macro: 0.438, F1_micro: 0.771, recall: 0.771, precision: 0.749, best_thresh: 0.500
2023-03-21 15:30:29,745 - train - INFO - Visualizing in TensorBoard...
2023-03-21 15:30:29,746 - train - INFO - Starting epoch 32...
2023-03-21 15:30:57,532 - train - INFO - Evaluating at epoch 32...
2023-03-21 15:31:04,953 - train - INFO - Dev loss: 0.574, acc: 0.776, F1_weighted: 0.700, F1_macro: 0.435, F1_micro: 0.776, recall: 0.776, precision: 0.718, best_thresh: 0.500
2023-03-21 15:31:04,953 - train - INFO - Visualizing in TensorBoard...
2023-03-21 15:31:04,955 - train - INFO - Starting epoch 33...
2023-03-21 15:31:32,925 - train - INFO - Evaluating at epoch 33...
2023-03-21 15:31:40,301 - train - INFO - Dev loss: 0.573, acc: 0.771, F1_weighted: 0.691, F1_macro: 0.443, F1_micro: 0.771, recall: 0.771, precision: 0.689, best_thresh: 0.500
2023-03-21 15:31:40,302 - train - INFO - Visualizing in TensorBoard...
2023-03-21 15:31:40,302 - train - INFO - Starting epoch 34...
2023-03-21 15:32:08,080 - train - INFO - Evaluating at epoch 34...
2023-03-21 15:32:15,461 - train - INFO - Dev loss: 0.573, acc: 0.769, F1_weighted: 0.682, F1_macro: 0.455, F1_micro: 0.769, recall: 0.769, precision: 0.679, best_thresh: 0.500
2023-03-21 15:32:15,461 - train - INFO - Visualizing in TensorBoard...
2023-03-21 15:32:15,462 - train - INFO - Starting epoch 35...
2023-03-21 15:32:43,287 - train - INFO - Evaluating at epoch 35...
2023-03-21 15:32:50,607 - train - INFO - Dev loss: 0.572, acc: 0.789, F1_weighted: 0.722, F1_macro: 0.450, F1_micro: 0.789, recall: 0.789, precision: 0.766, best_thresh: 0.500
2023-03-21 15:32:50,607 - train - INFO - Visualizing in TensorBoard...
2023-03-21 15:32:50,609 - train - INFO - Starting epoch 36...
2023-03-21 15:33:17,858 - train - INFO - Evaluating at epoch 36...
2023-03-21 15:33:25,849 - train - INFO - Dev loss: 0.571, acc: 0.782, F1_weighted: 0.712, F1_macro: 0.465, F1_micro: 0.782, recall: 0.782, precision: 0.731, best_thresh: 0.500
2023-03-21 15:33:25,849 - train - INFO - Visualizing in TensorBoard...
2023-03-21 15:33:25,850 - train - INFO - Starting epoch 37...
2023-03-21 15:33:52,480 - train - INFO - Evaluating at epoch 37...
2023-03-21 15:33:59,835 - train - INFO - Dev loss: 0.571, acc: 0.773, F1_weighted: 0.692, F1_macro: 0.465, F1_micro: 0.773, recall: 0.773, precision: 0.692, best_thresh: 0.500
2023-03-21 15:33:59,835 - train - INFO - Visualizing in TensorBoard...
2023-03-21 15:33:59,836 - train - INFO - Starting epoch 38...
2023-03-21 15:34:28,387 - train - INFO - Evaluating at epoch 38...
2023-03-21 15:34:36,278 - train - INFO - Dev loss: 0.570, acc: 0.776, F1_weighted: 0.700, F1_macro: 0.473, F1_micro: 0.776, recall: 0.776, precision: 0.704, best_thresh: 0.500
2023-03-21 15:34:36,278 - train - INFO - Visualizing in TensorBoard...
2023-03-21 15:34:36,279 - train - INFO - Starting epoch 39...
2023-03-21 15:35:03,774 - train - INFO - Evaluating at epoch 39...
2023-03-21 15:35:11,060 - train - INFO - Dev loss: 0.570, acc: 0.782, F1_weighted: 0.713, F1_macro: 0.448, F1_micro: 0.782, recall: 0.782, precision: 0.731, best_thresh: 0.500
2023-03-21 15:35:11,061 - train - INFO - Visualizing in TensorBoard...
2023-03-21 15:35:11,062 - train - INFO - Starting epoch 40...
2023-03-21 15:35:39,012 - train - INFO - Evaluating at epoch 40...
2023-03-21 15:35:47,044 - train - INFO - Dev loss: 0.570, acc: 0.782, F1_weighted: 0.721, F1_macro: 0.437, F1_micro: 0.782, recall: 0.782, precision: 0.731, best_thresh: 0.500
2023-03-21 15:35:47,044 - train - INFO - Visualizing in TensorBoard...
2023-03-21 15:35:47,046 - train - INFO - Starting epoch 41...
2023-03-21 15:36:14,540 - train - INFO - Evaluating at epoch 41...
2023-03-21 15:36:21,633 - train - INFO - Dev loss: 0.570, acc: 0.773, F1_weighted: 0.687, F1_macro: 0.434, F1_micro: 0.773, recall: 0.773, precision: 0.803, best_thresh: 0.500
2023-03-21 15:36:21,634 - train - INFO - Visualizing in TensorBoard...
2023-03-21 15:36:21,635 - train - INFO - Starting epoch 42...
2023-03-21 15:36:48,855 - train - INFO - Evaluating at epoch 42...
2023-03-21 15:36:56,551 - train - INFO - Dev loss: 0.570, acc: 0.780, F1_weighted: 0.708, F1_macro: 0.482, F1_micro: 0.780, recall: 0.780, precision: 0.726, best_thresh: 0.500
2023-03-21 15:36:56,552 - train - INFO - Visualizing in TensorBoard...
2023-03-21 15:36:56,552 - train - INFO - Starting epoch 43...
2023-03-21 15:37:23,716 - train - INFO - Evaluating at epoch 43...
2023-03-21 15:37:31,253 - train - INFO - Dev loss: 0.570, acc: 0.780, F1_weighted: 0.703, F1_macro: 0.468, F1_micro: 0.780, recall: 0.780, precision: 0.755, best_thresh: 0.500
2023-03-21 15:37:31,253 - train - INFO - Visualizing in TensorBoard...
2023-03-21 15:37:31,255 - train - INFO - Starting epoch 44...
2023-03-21 15:37:58,778 - train - INFO - Evaluating at epoch 44...
2023-03-21 15:38:06,482 - train - INFO - Dev loss: 0.570, acc: 0.769, F1_weighted: 0.682, F1_macro: 0.455, F1_micro: 0.769, recall: 0.769, precision: 0.677, best_thresh: 0.500
2023-03-21 15:38:06,482 - train - INFO - Visualizing in TensorBoard...
2023-03-21 15:38:06,483 - train - INFO - Starting epoch 45...
2023-03-21 15:38:33,386 - train - INFO - Evaluating at epoch 45...
2023-03-21 15:38:40,793 - train - INFO - Dev loss: 0.570, acc: 0.778, F1_weighted: 0.705, F1_macro: 0.439, F1_micro: 0.778, recall: 0.778, precision: 0.718, best_thresh: 0.500
2023-03-21 15:38:40,793 - train - INFO - Visualizing in TensorBoard...
2023-03-21 15:38:40,794 - train - INFO - Starting epoch 46...
2023-03-21 15:39:07,707 - train - INFO - Evaluating at epoch 46...
2023-03-21 15:39:15,175 - train - INFO - Dev loss: 0.569, acc: 0.784, F1_weighted: 0.717, F1_macro: 0.452, F1_micro: 0.784, recall: 0.784, precision: 0.737, best_thresh: 0.500
2023-03-21 15:39:15,175 - train - INFO - Visualizing in TensorBoard...
2023-03-21 15:39:15,177 - train - INFO - Starting epoch 47...
2023-03-21 15:39:42,787 - train - INFO - Evaluating at epoch 47...
2023-03-21 15:39:50,385 - train - INFO - Dev loss: 0.570, acc: 0.771, F1_weighted: 0.688, F1_macro: 0.464, F1_micro: 0.771, recall: 0.771, precision: 0.715, best_thresh: 0.500
2023-03-21 15:39:50,385 - train - INFO - Visualizing in TensorBoard...
2023-03-21 15:39:50,386 - train - INFO - Starting epoch 48...
2023-03-21 15:40:17,225 - train - INFO - Evaluating at epoch 48...
2023-03-21 15:40:24,695 - train - INFO - Dev loss: 0.570, acc: 0.780, F1_weighted: 0.708, F1_macro: 0.452, F1_micro: 0.780, recall: 0.780, precision: 0.731, best_thresh: 0.500
2023-03-21 15:40:24,696 - train - INFO - Visualizing in TensorBoard...
2023-03-21 15:40:24,697 - train - INFO - Starting epoch 49...
2023-03-21 15:40:51,892 - train - INFO - Evaluating at epoch 49...
2023-03-21 15:40:59,960 - train - INFO - Dev loss: 0.570, acc: 0.771, F1_weighted: 0.690, F1_macro: 0.443, F1_micro: 0.771, recall: 0.771, precision: 0.688, best_thresh: 0.500
2023-03-21 15:40:59,961 - train - INFO - Visualizing in TensorBoard...
2023-03-21 15:40:59,962 - train - INFO - Starting epoch 50...
2023-03-21 15:41:26,609 - train - INFO - Evaluating at epoch 50...
2023-03-21 15:41:33,934 - train - INFO - Dev loss: 0.570, acc: 0.791, F1_weighted: 0.735, F1_macro: 0.470, F1_micro: 0.791, recall: 0.791, precision: 0.746, best_thresh: 0.500
2023-03-21 15:41:33,934 - train - INFO - Visualizing in TensorBoard...
2023-03-21 15:41:33,935 - train - INFO - Starting epoch 51...
2023-03-21 15:42:00,566 - train - INFO - Evaluating at epoch 51...
2023-03-21 15:42:07,931 - train - INFO - Dev loss: 0.570, acc: 0.784, F1_weighted: 0.717, F1_macro: 0.460, F1_micro: 0.784, recall: 0.784, precision: 0.737, best_thresh: 0.500
2023-03-21 15:42:07,931 - train - INFO - Visualizing in TensorBoard...
2023-03-21 15:42:07,932 - train - INFO - Starting epoch 52...
2023-03-21 15:42:34,540 - train - INFO - Evaluating at epoch 52...
2023-03-21 15:42:41,712 - train - INFO - Dev loss: 0.570, acc: 0.780, F1_weighted: 0.708, F1_macro: 0.443, F1_micro: 0.780, recall: 0.780, precision: 0.724, best_thresh: 0.500
2023-03-21 15:42:41,712 - train - INFO - Visualizing in TensorBoard...
2023-03-21 15:42:41,713 - train - INFO - Starting epoch 53...
2023-03-21 15:43:09,581 - train - INFO - Evaluating at epoch 53...
2023-03-21 15:43:16,913 - train - INFO - Dev loss: 0.570, acc: 0.787, F1_weighted: 0.722, F1_macro: 0.465, F1_micro: 0.787, recall: 0.787, precision: 0.744, best_thresh: 0.500
2023-03-21 15:43:16,914 - train - INFO - Visualizing in TensorBoard...
2023-03-21 15:43:16,916 - train - INFO - Starting epoch 54...
2023-03-21 15:43:44,089 - train - INFO - Evaluating at epoch 54...
2023-03-21 15:43:51,498 - train - INFO - Dev loss: 0.570, acc: 0.776, F1_weighted: 0.699, F1_macro: 0.443, F1_micro: 0.776, recall: 0.776, precision: 0.716, best_thresh: 0.500
2023-03-21 15:43:51,499 - train - INFO - Visualizing in TensorBoard...
2023-03-21 15:43:51,500 - train - INFO - Starting epoch 55...
2023-03-21 15:44:19,313 - train - INFO - Evaluating at epoch 55...
2023-03-21 15:44:27,081 - train - INFO - Dev loss: 0.570, acc: 0.787, F1_weighted: 0.721, F1_macro: 0.465, F1_micro: 0.787, recall: 0.787, precision: 0.750, best_thresh: 0.500
2023-03-21 15:44:27,082 - train - INFO - Visualizing in TensorBoard...
2023-03-21 15:44:27,083 - train - INFO - Starting epoch 56...
2023-03-21 15:44:55,639 - train - INFO - Evaluating at epoch 56...
2023-03-21 15:45:03,022 - train - INFO - Dev loss: 0.570, acc: 0.778, F1_weighted: 0.704, F1_macro: 0.447, F1_micro: 0.778, recall: 0.778, precision: 0.725, best_thresh: 0.500
2023-03-21 15:45:03,022 - train - INFO - Visualizing in TensorBoard...
2023-03-21 15:45:03,025 - train - INFO - Starting epoch 57...
2023-03-21 15:45:30,519 - train - INFO - Evaluating at epoch 57...
2023-03-21 15:45:38,055 - train - INFO - Dev loss: 0.570, acc: 0.778, F1_weighted: 0.704, F1_macro: 0.457, F1_micro: 0.778, recall: 0.778, precision: 0.725, best_thresh: 0.500
2023-03-21 15:45:38,056 - train - INFO - Visualizing in TensorBoard...
2023-03-21 15:45:38,057 - train - INFO - Starting epoch 58...
2023-03-21 15:46:06,190 - train - INFO - Evaluating at epoch 58...
2023-03-21 15:46:13,807 - train - INFO - Dev loss: 0.570, acc: 0.780, F1_weighted: 0.708, F1_macro: 0.452, F1_micro: 0.780, recall: 0.780, precision: 0.732, best_thresh: 0.500
2023-03-21 15:46:13,807 - train - INFO - Visualizing in TensorBoard...
2023-03-21 15:46:13,839 - train - INFO - Training DONE. Evaluating model...
2023-03-21 15:46:20,800 - train - INFO - DEV set prediction results: loss: 0.476, acc: 0.784, F1_weighted: 0.724, F1_macro: 0.513, F1_micro: 0.784, recall: 0.784, precision: 0.746, best_thresh: 0.500
2023-03-21 15:46:30,713 - train - INFO - TEST set prediction results: loss: 0.823, acc: 0.660, F1_weighted: 0.598, F1_macro: 0.464, F1_micro: 0.660, recall: 0.660, precision: 0.620, best_thresh: 0.500
