2023-03-20 20:59:19,773 - train - INFO - Log directory: ./model_saved/train/train-08
2023-03-20 20:59:19,775 - train - INFO - Args: {
    "cl_decay_steps": 3000,
    "cuda": true,
    "data_augment": true,
    "dcgru_activation": "tanh",
    "do_train": true,
    "dropout": 0.5,
    "eval_every": 1,
    "filter_type": "dual_random_walk",
    "fine_tune": true,
    "graph_type": "individual",
    "input_dim": 100,
    "input_dir": "../tusz_resampled/",
    "l2_wd": 0.0005,
    "load_model_path": "./pretrained/pretrained_correlation_graph_12s.pth.tar",
    "lr_init": 0.0003,
    "max_diffusion_step": 2,
    "max_grad_norm": 5.0,
    "max_seq_len": 12,
    "maximize_metric": true,
    "metric_avg": "weighted",
    "metric_name": "F1_weighted",
    "model_name": "dcrnn",
    "num_classes": 4,
    "num_epochs": 60,
    "num_nodes": 19,
    "num_rnn_layers": 2,
    "num_workers": 8,
    "output_dim": 100,
    "output_seq_len": 12,
    "patience": 5,
    "preproc_dir": null,
    "pretrained_num_rnn_layers": 3,
    "rand_seed": 123,
    "raw_data_dir": "../tusz_raw/",
    "rnn_units": 64,
    "save_dir": "./model_saved/train/train-08",
    "task": "classification",
    "test_batch_size": 128,
    "time_step_size": 1,
    "top_k": 3,
    "train_batch_size": 40,
    "use_curriculum_learning": false,
    "use_fft": true
}
2023-03-20 20:59:19,776 - train - INFO - Building dataset...
2023-03-20 20:59:44,938 - train - INFO - Building model...
2023-03-20 20:59:44,962 - train - INFO - Total number of trainable parameters: 280964
2023-03-20 20:59:46,040 - train - INFO - Saver will maximize F1_weighted...
2023-03-20 20:59:46,041 - train - INFO - Training...
2023-03-20 20:59:46,041 - train - INFO - Starting epoch 1...
2023-03-20 21:00:13,570 - train - INFO - Evaluating at epoch 1...
2023-03-20 21:00:20,930 - train - INFO - New best checkpoint at epoch 1...
2023-03-20 21:00:20,930 - train - INFO - Dev loss: 0.757, acc: 0.744, F1_weighted: 0.635, F1_macro: 0.213, F1_micro: 0.744, recall: 0.744, precision: 0.554, best_thresh: 0.500
2023-03-20 21:00:20,930 - train - INFO - Visualizing in TensorBoard...
2023-03-20 21:00:20,932 - train - INFO - Starting epoch 2...
2023-03-20 21:00:46,686 - train - INFO - Evaluating at epoch 2...
2023-03-20 21:00:54,115 - train - INFO - New best checkpoint at epoch 2...
2023-03-20 21:00:54,115 - train - INFO - Dev loss: 0.736, acc: 0.744, F1_weighted: 0.635, F1_macro: 0.213, F1_micro: 0.744, recall: 0.744, precision: 0.554, best_thresh: 0.500
2023-03-20 21:00:54,115 - train - INFO - Visualizing in TensorBoard...
2023-03-20 21:00:54,116 - train - INFO - Starting epoch 3...
2023-03-20 21:01:20,168 - train - INFO - Evaluating at epoch 3...
2023-03-20 21:01:27,726 - train - INFO - New best checkpoint at epoch 3...
2023-03-20 21:01:27,726 - train - INFO - Dev loss: 0.707, acc: 0.744, F1_weighted: 0.635, F1_macro: 0.213, F1_micro: 0.744, recall: 0.744, precision: 0.554, best_thresh: 0.500
2023-03-20 21:01:27,727 - train - INFO - Visualizing in TensorBoard...
2023-03-20 21:01:27,727 - train - INFO - Starting epoch 4...
2023-03-20 21:01:53,727 - train - INFO - Evaluating at epoch 4...
2023-03-20 21:02:01,109 - train - INFO - New best checkpoint at epoch 4...
2023-03-20 21:02:01,110 - train - INFO - Dev loss: 0.691, acc: 0.744, F1_weighted: 0.637, F1_macro: 0.214, F1_micro: 0.744, recall: 0.744, precision: 0.557, best_thresh: 0.500
2023-03-20 21:02:01,110 - train - INFO - Visualizing in TensorBoard...
2023-03-20 21:02:01,112 - train - INFO - Starting epoch 5...
2023-03-20 21:02:26,675 - train - INFO - Evaluating at epoch 5...
2023-03-20 21:02:34,092 - train - INFO - New best checkpoint at epoch 5...
2023-03-20 21:02:34,092 - train - INFO - Dev loss: 0.668, acc: 0.753, F1_weighted: 0.664, F1_macro: 0.284, F1_micro: 0.753, recall: 0.753, precision: 0.723, best_thresh: 0.500
2023-03-20 21:02:34,092 - train - INFO - Visualizing in TensorBoard...
2023-03-20 21:02:34,093 - train - INFO - Starting epoch 6...
2023-03-20 21:03:00,127 - train - INFO - Evaluating at epoch 6...
2023-03-20 21:03:07,241 - train - INFO - New best checkpoint at epoch 6...
2023-03-20 21:03:07,242 - train - INFO - Dev loss: 0.640, acc: 0.798, F1_weighted: 0.757, F1_macro: 0.402, F1_micro: 0.798, recall: 0.798, precision: 0.794, best_thresh: 0.500
2023-03-20 21:03:07,242 - train - INFO - Visualizing in TensorBoard...
2023-03-20 21:03:07,244 - train - INFO - Starting epoch 7...
2023-03-20 21:03:32,816 - train - INFO - Evaluating at epoch 7...
2023-03-20 21:03:39,629 - train - INFO - Dev loss: 0.630, acc: 0.767, F1_weighted: 0.693, F1_macro: 0.374, F1_micro: 0.767, recall: 0.767, precision: 0.762, best_thresh: 0.500
2023-03-20 21:03:39,629 - train - INFO - Visualizing in TensorBoard...
2023-03-20 21:03:39,631 - train - INFO - Starting epoch 8...
2023-03-20 21:04:05,451 - train - INFO - Evaluating at epoch 8...
2023-03-20 21:04:12,622 - train - INFO - Dev loss: 0.621, acc: 0.771, F1_weighted: 0.699, F1_macro: 0.416, F1_micro: 0.771, recall: 0.771, precision: 0.735, best_thresh: 0.500
2023-03-20 21:04:12,622 - train - INFO - Visualizing in TensorBoard...
2023-03-20 21:04:12,623 - train - INFO - Starting epoch 9...
2023-03-20 21:04:38,292 - train - INFO - Evaluating at epoch 9...
2023-03-20 21:04:44,997 - train - INFO - Dev loss: 0.614, acc: 0.780, F1_weighted: 0.710, F1_macro: 0.489, F1_micro: 0.780, recall: 0.780, precision: 0.821, best_thresh: 0.500
2023-03-20 21:04:44,997 - train - INFO - Visualizing in TensorBoard...
2023-03-20 21:04:44,999 - train - INFO - Starting epoch 10...
2023-03-20 21:05:10,237 - train - INFO - Evaluating at epoch 10...
2023-03-20 21:05:17,013 - train - INFO - Dev loss: 0.609, acc: 0.773, F1_weighted: 0.697, F1_macro: 0.404, F1_micro: 0.773, recall: 0.773, precision: 0.808, best_thresh: 0.500
2023-03-20 21:05:17,013 - train - INFO - Visualizing in TensorBoard...
2023-03-20 21:05:17,014 - train - INFO - Starting epoch 11...
2023-03-20 21:05:43,259 - train - INFO - Evaluating at epoch 11...
2023-03-20 21:05:50,184 - train - INFO - Dev loss: 0.605, acc: 0.771, F1_weighted: 0.691, F1_macro: 0.441, F1_micro: 0.771, recall: 0.771, precision: 0.724, best_thresh: 0.500
2023-03-20 21:05:50,184 - train - INFO - Visualizing in TensorBoard...
2023-03-20 21:05:50,186 - train - INFO - Starting epoch 12...
2023-03-20 21:06:15,433 - train - INFO - Evaluating at epoch 12...
2023-03-20 21:06:22,343 - train - INFO - Dev loss: 0.604, acc: 0.771, F1_weighted: 0.697, F1_macro: 0.465, F1_micro: 0.771, recall: 0.771, precision: 0.719, best_thresh: 0.500
2023-03-20 21:06:22,343 - train - INFO - Visualizing in TensorBoard...
2023-03-20 21:06:22,345 - train - INFO - Starting epoch 13...
2023-03-20 21:06:48,252 - train - INFO - Evaluating at epoch 13...
2023-03-20 21:06:54,975 - train - INFO - Dev loss: 0.604, acc: 0.751, F1_weighted: 0.727, F1_macro: 0.513, F1_micro: 0.751, recall: 0.751, precision: 0.713, best_thresh: 0.500
2023-03-20 21:06:54,976 - train - INFO - Visualizing in TensorBoard...
2023-03-20 21:06:54,977 - train - INFO - Starting epoch 14...
2023-03-20 21:07:20,564 - train - INFO - Evaluating at epoch 14...
2023-03-20 21:07:27,544 - train - INFO - Dev loss: 0.603, acc: 0.778, F1_weighted: 0.705, F1_macro: 0.466, F1_micro: 0.778, recall: 0.778, precision: 0.749, best_thresh: 0.500
2023-03-20 21:07:27,545 - train - INFO - Visualizing in TensorBoard...
2023-03-20 21:07:27,546 - train - INFO - Starting epoch 15...
2023-03-20 21:07:53,321 - train - INFO - Evaluating at epoch 15...
2023-03-20 21:08:00,124 - train - INFO - Dev loss: 0.600, acc: 0.780, F1_weighted: 0.711, F1_macro: 0.500, F1_micro: 0.780, recall: 0.780, precision: 0.731, best_thresh: 0.500
2023-03-20 21:08:00,124 - train - INFO - Visualizing in TensorBoard...
2023-03-20 21:08:00,125 - train - INFO - Starting epoch 16...
2023-03-20 21:08:25,502 - train - INFO - Evaluating at epoch 16...
2023-03-20 21:08:32,368 - train - INFO - Dev loss: 0.599, acc: 0.780, F1_weighted: 0.704, F1_macro: 0.432, F1_micro: 0.780, recall: 0.780, precision: 0.788, best_thresh: 0.500
2023-03-20 21:08:32,368 - train - INFO - Visualizing in TensorBoard...
2023-03-20 21:08:32,370 - train - INFO - Starting epoch 17...
2023-03-20 21:08:57,650 - train - INFO - Evaluating at epoch 17...
2023-03-20 21:09:04,512 - train - INFO - Dev loss: 0.597, acc: 0.791, F1_weighted: 0.746, F1_macro: 0.530, F1_micro: 0.791, recall: 0.791, precision: 0.757, best_thresh: 0.500
2023-03-20 21:09:04,512 - train - INFO - Visualizing in TensorBoard...
2023-03-20 21:09:04,513 - train - INFO - Starting epoch 18...
2023-03-20 21:09:29,998 - train - INFO - Evaluating at epoch 18...
2023-03-20 21:09:37,315 - train - INFO - Dev loss: 0.598, acc: 0.773, F1_weighted: 0.733, F1_macro: 0.522, F1_micro: 0.773, recall: 0.773, precision: 0.724, best_thresh: 0.500
2023-03-20 21:09:37,315 - train - INFO - Visualizing in TensorBoard...
2023-03-20 21:09:37,316 - train - INFO - Starting epoch 19...
2023-03-20 21:10:02,925 - train - INFO - Evaluating at epoch 19...
2023-03-20 21:10:09,774 - train - INFO - Dev loss: 0.598, acc: 0.773, F1_weighted: 0.708, F1_macro: 0.452, F1_micro: 0.773, recall: 0.773, precision: 0.737, best_thresh: 0.500
2023-03-20 21:10:09,774 - train - INFO - Visualizing in TensorBoard...
2023-03-20 21:10:09,776 - train - INFO - Starting epoch 20...
2023-03-20 21:10:35,386 - train - INFO - Evaluating at epoch 20...
2023-03-20 21:10:42,212 - train - INFO - Dev loss: 0.599, acc: 0.780, F1_weighted: 0.711, F1_macro: 0.489, F1_micro: 0.780, recall: 0.780, precision: 0.730, best_thresh: 0.500
2023-03-20 21:10:42,213 - train - INFO - Visualizing in TensorBoard...
2023-03-20 21:10:42,214 - train - INFO - Starting epoch 21...
2023-03-20 21:11:07,607 - train - INFO - Evaluating at epoch 21...
2023-03-20 21:11:14,474 - train - INFO - Dev loss: 0.599, acc: 0.776, F1_weighted: 0.731, F1_macro: 0.518, F1_micro: 0.776, recall: 0.776, precision: 0.730, best_thresh: 0.500
2023-03-20 21:11:14,475 - train - INFO - Visualizing in TensorBoard...
2023-03-20 21:11:14,476 - train - INFO - Starting epoch 22...
2023-03-20 21:11:40,067 - train - INFO - Evaluating at epoch 22...
2023-03-20 21:11:46,872 - train - INFO - Dev loss: 0.600, acc: 0.769, F1_weighted: 0.693, F1_macro: 0.474, F1_micro: 0.769, recall: 0.769, precision: 0.710, best_thresh: 0.500
2023-03-20 21:11:46,872 - train - INFO - Visualizing in TensorBoard...
2023-03-20 21:11:46,874 - train - INFO - Starting epoch 23...
2023-03-20 21:12:13,061 - train - INFO - Evaluating at epoch 23...
2023-03-20 21:12:19,579 - train - INFO - Dev loss: 0.600, acc: 0.787, F1_weighted: 0.742, F1_macro: 0.506, F1_micro: 0.787, recall: 0.787, precision: 0.751, best_thresh: 0.500
2023-03-20 21:12:19,579 - train - INFO - Visualizing in TensorBoard...
2023-03-20 21:12:19,581 - train - INFO - Starting epoch 24...
2023-03-20 21:12:44,730 - train - INFO - Evaluating at epoch 24...
2023-03-20 21:12:52,256 - train - INFO - Dev loss: 0.602, acc: 0.778, F1_weighted: 0.712, F1_macro: 0.492, F1_micro: 0.778, recall: 0.778, precision: 0.722, best_thresh: 0.500
2023-03-20 21:12:52,256 - train - INFO - Visualizing in TensorBoard...
2023-03-20 21:12:52,258 - train - INFO - Starting epoch 25...
2023-03-20 21:13:18,280 - train - INFO - Evaluating at epoch 25...
2023-03-20 21:13:25,047 - train - INFO - Dev loss: 0.603, acc: 0.767, F1_weighted: 0.714, F1_macro: 0.490, F1_micro: 0.767, recall: 0.767, precision: 0.706, best_thresh: 0.500
2023-03-20 21:13:25,047 - train - INFO - Visualizing in TensorBoard...
2023-03-20 21:13:25,049 - train - INFO - Starting epoch 26...
2023-03-20 21:13:50,758 - train - INFO - Evaluating at epoch 26...
2023-03-20 21:13:57,633 - train - INFO - Dev loss: 0.606, acc: 0.747, F1_weighted: 0.687, F1_macro: 0.464, F1_micro: 0.747, recall: 0.747, precision: 0.662, best_thresh: 0.500
2023-03-20 21:13:57,633 - train - INFO - Visualizing in TensorBoard...
2023-03-20 21:13:57,634 - train - INFO - Starting epoch 27...
2023-03-20 21:14:23,365 - train - INFO - Evaluating at epoch 27...
2023-03-20 21:14:30,348 - train - INFO - Dev loss: 0.608, acc: 0.767, F1_weighted: 0.701, F1_macro: 0.474, F1_micro: 0.767, recall: 0.767, precision: 0.701, best_thresh: 0.500
2023-03-20 21:14:30,349 - train - INFO - Visualizing in TensorBoard...
2023-03-20 21:14:30,350 - train - INFO - Starting epoch 28...
2023-03-20 21:14:56,442 - train - INFO - Evaluating at epoch 28...
2023-03-20 21:15:03,249 - train - INFO - Dev loss: 0.610, acc: 0.771, F1_weighted: 0.711, F1_macro: 0.476, F1_micro: 0.771, recall: 0.771, precision: 0.717, best_thresh: 0.500
2023-03-20 21:15:03,249 - train - INFO - Visualizing in TensorBoard...
2023-03-20 21:15:03,272 - train - INFO - Training DONE. Evaluating model...
2023-03-20 21:15:09,364 - train - INFO - DEV set prediction results: loss: 0.492, acc: 0.798, F1_weighted: 0.757, F1_macro: 0.402, F1_micro: 0.798, recall: 0.798, precision: 0.794, best_thresh: 0.500
2023-03-20 21:15:18,666 - train - INFO - TEST set prediction results: loss: 0.754, acc: 0.664, F1_weighted: 0.594, F1_macro: 0.415, F1_micro: 0.664, recall: 0.664, precision: 0.666, best_thresh: 0.500
